This is pdfTeX, Version 3.14159265-2.6-1.40.21 (MiKTeX 20.6.29) (preloaded format=pdflatex 2020.8.24)  22 NOV 2020 23:02
entering extended mode
**./Dissertacao.tex
(Dissertacao.tex
LaTeX2e <2020-02-02> patch level 5
L3 programming layer <2020-06-18> (pei.cls
Document Class: pei 2007/03/01\ v2.0\ PEI Dissertations and Thesis
("C:\Program Files\MiKTeX\tex/latex/base\book.cls"
Document Class: book 2019/12/20 v1.4l Standard LaTeX document class
("C:\Program Files\MiKTeX\tex/latex/base\bk12.clo"
File: bk12.clo 2019/12/20 v1.4l Standard LaTeX file (size option)
)
\c@part=\count167
\c@chapter=\count168
\c@section=\count169
\c@subsection=\count170
\c@subsubsection=\count171
\c@paragraph=\count172
\c@subparagraph=\count173
\c@figure=\count174
\c@table=\count175
\abovecaptionskip=\skip47
\belowcaptionskip=\skip48
\bibindent=\dimen134
)
("C:\Program Files\MiKTeX\tex/latex/lastpage\lastpage.sty"
Package: lastpage 2015/03/29 v1.2m Refers to last page's name (HMM; JPG)
)
("C:\Program Files\MiKTeX\tex/latex/hyperref\hyperref.sty"
Package: hyperref 2020-05-15 v7.00e Hypertext links for LaTeX

("C:\Program Files\MiKTeX\tex/generic/ltxcmds\ltxcmds.sty"
Package: ltxcmds 2019/12/15 v1.24 LaTeX kernel commands for general use (HO)
)
("C:\Program Files\MiKTeX\tex/generic/iftex\iftex.sty"
Package: iftex 2020/03/06 v1.0d TeX engine tests
)
("C:\Program Files\MiKTeX\tex/generic/pdftexcmds\pdftexcmds.sty"
Package: pdftexcmds 2020-06-27 v0.33 Utility functions of pdfTeX for LuaTeX (HO
)

("C:\Program Files\MiKTeX\tex/generic/infwarerr\infwarerr.sty"
Package: infwarerr 2019/12/03 v1.5 Providing info/warning/error messages (HO)
)
Package pdftexcmds Info: \pdf@primitive is available.
Package pdftexcmds Info: \pdf@ifprimitive is available.
Package pdftexcmds Info: \pdfdraftmode found.
)
("C:\Program Files\MiKTeX\tex/latex/graphics\keyval.sty"
Package: keyval 2014/10/28 v1.15 key=value parser (DPC)
\KV@toks@=\toks15
)
("C:\Program Files\MiKTeX\tex/generic/kvsetkeys\kvsetkeys.sty"
Package: kvsetkeys 2019/12/15 v1.18 Key value parser (HO)
)
("C:\Program Files\MiKTeX\tex/generic/kvdefinekeys\kvdefinekeys.sty"
Package: kvdefinekeys 2019-12-19 v1.6 Define keys (HO)
)
("C:\Program Files\MiKTeX\tex/generic/pdfescape\pdfescape.sty"
Package: pdfescape 2019/12/09 v1.15 Implements pdfTeX's escape features (HO)
)
("C:\Program Files\MiKTeX\tex/latex/hycolor\hycolor.sty"
Package: hycolor 2020-01-27 v1.10 Color options for hyperref/bookmark (HO)
)
("C:\Program Files\MiKTeX\tex/latex/letltxmacro\letltxmacro.sty"
Package: letltxmacro 2019/12/03 v1.6 Let assignment for LaTeX macros (HO)
)
("C:\Program Files\MiKTeX\tex/latex/auxhook\auxhook.sty"
Package: auxhook 2019-12-17 v1.6 Hooks for auxiliary files (HO)
)
("C:\Program Files\MiKTeX\tex/latex/kvoptions\kvoptions.sty"
Package: kvoptions 2019/11/29 v3.13 Key value format for package options (HO)
)
\@linkdim=\dimen135
\Hy@linkcounter=\count176
\Hy@pagecounter=\count177

("C:\Program Files\MiKTeX\tex/latex/hyperref\pd1enc.def"
File: pd1enc.def 2020-05-15 v7.00e Hyperref: PDFDocEncoding definition (HO)
Now handling font encoding PD1 ...
... no UTF-8 mapping file for font encoding PD1
)
("C:\Program Files\MiKTeX\tex/generic/intcalc\intcalc.sty"
Package: intcalc 2019/12/15 v1.3 Expandable calculations with integers (HO)
)
("C:\Program Files\MiKTeX\tex/generic/etexcmds\etexcmds.sty"
Package: etexcmds 2019/12/15 v1.7 Avoid name clashes with e-TeX commands (HO)
)
\Hy@SavedSpaceFactor=\count178
Package hyperref Info: Hyper figures OFF on input line 4464.
Package hyperref Info: Link nesting OFF on input line 4469.
Package hyperref Info: Hyper index ON on input line 4472.
Package hyperref Info: Plain pages OFF on input line 4479.
Package hyperref Info: Backreferencing OFF on input line 4484.
Package hyperref Info: Implicit mode ON; LaTeX internals redefined.
Package hyperref Info: Bookmarks ON on input line 4717.
\c@Hy@tempcnt=\count179

("C:\Program Files\MiKTeX\tex/latex/url\url.sty"
\Urlmuskip=\muskip16
Package: url 2013/09/16  ver 3.4  Verb mode for urls, etc.
)
LaTeX Info: Redefining \url on input line 5076.
\XeTeXLinkMargin=\dimen136

("C:\Program Files\MiKTeX\tex/generic/bitset\bitset.sty"
Package: bitset 2019/12/09 v1.3 Handle bit-vector datatype (HO)

("C:\Program Files\MiKTeX\tex/generic/bigintcalc\bigintcalc.sty"
Package: bigintcalc 2019/12/15 v1.5 Expandable calculations on big integers (HO
)
))
\Fld@menulength=\count180
\Field@Width=\dimen137
\Fld@charsize=\dimen138
Package hyperref Info: Hyper figures OFF on input line 6347.
Package hyperref Info: Link nesting OFF on input line 6352.
Package hyperref Info: Hyper index ON on input line 6355.
Package hyperref Info: backreferencing OFF on input line 6362.
Package hyperref Info: Link coloring OFF on input line 6367.
Package hyperref Info: Link coloring with OCG OFF on input line 6372.
Package hyperref Info: PDF/A mode OFF on input line 6377.
LaTeX Info: Redefining \ref on input line 6417.
LaTeX Info: Redefining \pageref on input line 6421.

("C:\Program Files\MiKTeX\tex/generic/atbegshi\atbegshi.sty"
Package: atbegshi 2019/12/05 v1.19 At begin shipout hook (HO)
)
\Hy@abspage=\count181
\c@Item=\count182
\c@Hfootnote=\count183
)
Package hyperref Info: Driver (autodetected): hpdftex.

("C:\Program Files\MiKTeX\tex/latex/hyperref\hpdftex.def"
File: hpdftex.def 2020-05-15 v7.00e Hyperref driver for pdfTeX

("C:\Program Files\MiKTeX\tex/latex/atveryend\atveryend.sty"
Package: atveryend 2019-12-11 v1.11 Hooks at the very end of document (HO)
Package atveryend Info: \enddocument detected (standard20110627).
)
\Fld@listcount=\count184
\c@bookmark@seq@number=\count185

("C:\Program Files\MiKTeX\tex/latex/rerunfilecheck\rerunfilecheck.sty"
Package: rerunfilecheck 2019/12/05 v1.9 Rerun checks for auxiliary files (HO)

("C:\Program Files\MiKTeX\tex/generic/uniquecounter\uniquecounter.sty"
Package: uniquecounter 2019/12/15 v1.4 Provide unlimited unique counter (HO)
)
Package uniquecounter Info: New unique counter `rerunfilecheck' on input line 2
86.
)
\Hy@SectionHShift=\skip49
)
("C:\Program Files\MiKTeX\tex/generic/babel\babel.sty"
Package: babel 2020/06/10 3.45 The Babel package

("C:\Program Files\MiKTeX\tex/generic/babel\babel.def"
File: babel.def 2020/06/10 3.45 Babel common definitions
\babel@savecnt=\count186
\U@D=\dimen139
\l@babelnohyphens=\language79

("C:\Program Files\MiKTeX\tex/generic/babel\txtbabel.def")
\bbl@readstream=\read2
)
\bbl@dirlevel=\count187

*************************************
* Local config file bblopts.cfg used
*
("C:\Program Files\MiKTeX\tex/latex/arabi\bblopts.cfg"
File: bblopts.cfg 2005/09/08 v0.1 add Arabic and Farsi to "declared" options of
 babel
)
("C:\Program Files\MiKTeX\tex/latex/babel-english\english.ldf"
Language: english 2017/06/06 v3.3r English support from the babel system
Package babel Info: \l@canadian = using hyphenrules for english
(babel)             (\language0) on input line 102.
Package babel Info: \l@australian = using hyphenrules for ukenglish
(babel)             (\language73) on input line 105.
Package babel Info: \l@newzealand = using hyphenrules for ukenglish
(babel)             (\language73) on input line 108.
)
("C:\Program Files\MiKTeX\tex/latex/babel-portuges\brazil.ldf"
Language: portuges 2020/05/04 v1.2r Portuguese support from the babel system
Package babel Info: \l@brazil = using hyphenrules for portuguese
(babel)             (\language56) on input line 111.
Package babel Info: Making " an active character on input line 143.
))
("C:\Program Files\MiKTeX\tex/latex/hyphenat\hyphenat.sty"
Package: hyphenat 2009/09/02 v2.3c hyphenation utilities
\langwohyphens=\language80
LaTeX Info: Redefining \_ on input line 43.
)
("C:\Program Files\MiKTeX\tex/latex/base\ifthen.sty"
Package: ifthen 2014/09/29 v1.1c Standard LaTeX ifthen package (DPC)
)
("C:\Program Files\MiKTeX\tex/latex/graphics\graphicx.sty"
Package: graphicx 2019/11/30 v1.2a Enhanced LaTeX Graphics (DPC,SPQR)

("C:\Program Files\MiKTeX\tex/latex/graphics\graphics.sty"
Package: graphics 2019/11/30 v1.4a Standard LaTeX Graphics (DPC,SPQR)

("C:\Program Files\MiKTeX\tex/latex/graphics\trig.sty"
Package: trig 2016/01/03 v1.10 sin cos tan (DPC)
)
("C:\Program Files\MiKTeX\tex/latex/graphics-cfg\graphics.cfg"
File: graphics.cfg 2016/06/04 v1.11 sample graphics configuration
)
Package graphics Info: Driver file: pdftex.def on input line 105.

("C:\Program Files\MiKTeX\tex/latex/graphics-def\pdftex.def"
File: pdftex.def 2018/01/08 v1.0l Graphics/color driver for pdftex
))
\Gin@req@height=\dimen140
\Gin@req@width=\dimen141
)
("C:\Program Files\MiKTeX\tex/latex/tools\tabularx.sty"
Package: tabularx 2020/01/15 v2.11c `tabularx' package (DPC)

("C:\Program Files\MiKTeX\tex/latex/tools\array.sty"
Package: array 2019/08/31 v2.4l Tabular extension package (FMi)
\col@sep=\dimen142
\ar@mcellbox=\box45
\extrarowheight=\dimen143
\NC@list=\toks16
\extratabsurround=\skip50
\backup@length=\skip51
\ar@cellbox=\box46
)
\TX@col@width=\dimen144
\TX@old@table=\dimen145
\TX@old@col=\dimen146
\TX@target=\dimen147
\TX@delta=\dimen148
\TX@cols=\count188
\TX@ftn=\toks17
)
("C:\Program Files\MiKTeX\tex/latex/eqparbox\eqparbox.sty"
Package: eqparbox 2017/09/03 v4.1 Create equal-widthed boxes
\eqp@tempdima=\skip52
\eqp@tempdimb=\skip53
\eqp@tabular@box=\box47
\eqp@list@box=\box48
\eqp@list@indent=\skip54

("C:\Program Files\MiKTeX\tex/latex/environ\environ.sty"
Package: environ 2014/05/04 v0.3 A new way to define environments

("C:\Program Files\MiKTeX\tex/latex/trimspaces\trimspaces.sty"
Package: trimspaces 2009/09/17 v1.1 Trim spaces around a token list
)
\@envbody=\toks18
))
("C:\Program Files\MiKTeX\tex/latex/geometry\geometry.sty"
Package: geometry 2020/01/02 v5.9 Page Geometry

("C:\Program Files\MiKTeX\tex/generic/iftex\ifvtex.sty"
Package: ifvtex 2019/10/25 v1.7 ifvtex legacy package. Use iftex instead.
)
\Gm@cnth=\count189
\Gm@cntv=\count190
\c@Gm@tempcnt=\count191
\Gm@bindingoffset=\dimen149
\Gm@wd@mp=\dimen150
\Gm@odd@mp=\dimen151
\Gm@even@mp=\dimen152
\Gm@layoutwidth=\dimen153
\Gm@layoutheight=\dimen154
\Gm@layouthoffset=\dimen155
\Gm@layoutvoffset=\dimen156
\Gm@dimlist=\toks19

("C:\Program Files\MiKTeX\tex/latex/geometry\geometry.cfg"))
\c@minexaminers=\count192
\@examiner=\count193
\c@keywords=\count194
\bibindent=\dimen157
)
("C:\Program Files\MiKTeX\tex/latex/cmap\cmap.sty"
Package: cmap 2008/03/06 v1.0h CMap support: searchable PDF
)
("C:\Program Files\MiKTeX\tex/latex/base\inputenc.sty"
Package: inputenc 2018/08/11 v1.3c Input encoding file
\inpenc@prehook=\toks20
\inpenc@posthook=\toks21
)
("C:\Program Files\MiKTeX\tex/latex/base\fontenc.sty"
Package: fontenc 2020/02/11 v2.0o Standard LaTeX package
<<t1.cmap>>)
("C:\Program Files\MiKTeX\tex/latex/amsmath\amsmath.sty"
Package: amsmath 2020/01/20 v2.17e AMS math features
\@mathmargin=\skip55

For additional information on amsmath, use the `?' option.
("C:\Program Files\MiKTeX\tex/latex/amsmath\amstext.sty"
Package: amstext 2000/06/29 v2.01 AMS text

("C:\Program Files\MiKTeX\tex/latex/amsmath\amsgen.sty"
File: amsgen.sty 1999/11/30 v2.0 generic functions
\@emptytoks=\toks22
\ex@=\dimen158
))
("C:\Program Files\MiKTeX\tex/latex/amsmath\amsbsy.sty"
Package: amsbsy 1999/11/29 v1.2d Bold Symbols
\pmbraise@=\dimen159
)
("C:\Program Files\MiKTeX\tex/latex/amsmath\amsopn.sty"
Package: amsopn 2016/03/08 v2.02 operator names
)
\inf@bad=\count195
LaTeX Info: Redefining \frac on input line 227.
\uproot@=\count196
\leftroot@=\count197
LaTeX Info: Redefining \overline on input line 389.
\classnum@=\count198
\DOTSCASE@=\count199
LaTeX Info: Redefining \ldots on input line 486.
LaTeX Info: Redefining \dots on input line 489.
LaTeX Info: Redefining \cdots on input line 610.
\Mathstrutbox@=\box49
\strutbox@=\box50
\big@size=\dimen160
LaTeX Font Info:    Redeclaring font encoding OML on input line 733.
LaTeX Font Info:    Redeclaring font encoding OMS on input line 734.
\macc@depth=\count266
\c@MaxMatrixCols=\count267
\dotsspace@=\muskip17
\c@parentequation=\count268
\dspbrk@lvl=\count269
\tag@help=\toks23
\row@=\count270
\column@=\count271
\maxfields@=\count272
\andhelp@=\toks24
\eqnshift@=\dimen161
\alignsep@=\dimen162
\tagshift@=\dimen163
\tagwidth@=\dimen164
\totwidth@=\dimen165
\lineht@=\dimen166
\@envbody=\toks25
\multlinegap=\skip56
\multlinetaggap=\skip57
\mathdisplay@stack=\toks26
LaTeX Info: Redefining \[ on input line 2859.
LaTeX Info: Redefining \] on input line 2860.
)
("C:\Program Files\MiKTeX\tex/latex/amsfonts\amsfonts.sty"
Package: amsfonts 2013/01/14 v3.01 Basic AMSFonts support
\symAMSa=\mathgroup4
\symAMSb=\mathgroup5
LaTeX Font Info:    Redeclaring math symbol \hbar on input line 98.
LaTeX Font Info:    Overwriting math alphabet `\mathfrak' in version `bold'
(Font)                  U/euf/m/n --> U/euf/b/n on input line 106.
)
("C:\Program Files\MiKTeX\tex/latex/amsfonts\amssymb.sty"
Package: amssymb 2013/01/14 v3.01 AMS font symbols
)
("C:\Program Files\MiKTeX\tex/latex/amscls\amsthm.sty"
Package: amsthm 2020/05/29 v2.20.6
\thm@style=\toks27
\thm@bodyfont=\toks28
\thm@headfont=\toks29
\thm@notefont=\toks30
\thm@headpunct=\toks31
\thm@preskip=\skip58
\thm@postskip=\skip59
\thm@headsep=\skip60
\dth@everypar=\toks32
)
("C:\Program Files\MiKTeX\tex/latex/mathtools\mathtools.sty"
Package: mathtools 2020/03/24 v1.24 mathematical typesetting tools

("C:\Program Files\MiKTeX\tex/latex/tools\calc.sty"
Package: calc 2017/05/25 v4.3 Infix arithmetic (KKT,FJ)
\calc@Acount=\count273
\calc@Bcount=\count274
\calc@Adimen=\dimen167
\calc@Bdimen=\dimen168
\calc@Askip=\skip61
\calc@Bskip=\skip62
LaTeX Info: Redefining \setlength on input line 80.
LaTeX Info: Redefining \addtolength on input line 81.
\calc@Ccount=\count275
\calc@Cskip=\skip63
)
("C:\Program Files\MiKTeX\tex/latex/mathtools\mhsetup.sty"
Package: mhsetup 2017/03/31 v1.3 programming setup (MH)
)
LaTeX Info: Thecontrolsequence`\('isalreadyrobust on input line 130.
LaTeX Info: Thecontrolsequence`\)'isalreadyrobust on input line 130.
LaTeX Info: Thecontrolsequence`\['isalreadyrobust on input line 130.
LaTeX Info: Thecontrolsequence`\]'isalreadyrobust on input line 130.
\g_MT_multlinerow_int=\count276
\l_MT_multwidth_dim=\dimen169
\origjot=\skip64
\l_MT_shortvdotswithinadjustabove_dim=\dimen170
\l_MT_shortvdotswithinadjustbelow_dim=\dimen171
\l_MT_above_intertext_sep=\dimen172
\l_MT_below_intertext_sep=\dimen173
\l_MT_above_shortintertext_sep=\dimen174
\l_MT_below_shortintertext_sep=\dimen175
\xmathstrut@box=\box51
\xmathstrut@dim=\dimen176
)
("C:\Program Files\MiKTeX\tex/latex/l3packages/xfrac\xfrac.sty"
("C:\Program Files\MiKTeX\tex/latex/l3kernel\expl3.sty"
Package: expl3 2020-06-18 L3 programming layer (loader) 

("C:\Program Files\MiKTeX\tex/latex/l3backend\l3backend-pdfmode.def"
File: l3backend-pdfmode.def 2020-06-29 L3 backend support: PDF mode
\l__kernel_color_stack_int=\count277
\l__pdf_internal_box=\box52
))
("C:\Program Files\MiKTeX\tex/latex/l3packages/l3keys2e\l3keys2e.sty"
Package: l3keys2e 2020-05-15 LaTeX2e option processing using LaTeX3 keys
)
("C:\Program Files\MiKTeX\tex/latex/base\textcomp.sty"
Package: textcomp 2020/02/02 v2.0n Standard LaTeX package
)
("C:\Program Files\MiKTeX\tex/latex/l3packages/xparse\xparse.sty"
Package: xparse 2020-05-15 L3 Experimental document command parser

("C:\Program Files\MiKTeX\tex/latex/l3packages/xparse\xparse-generic.tex"
\l__xparse_current_arg_int=\count278
\g__xparse_grabber_int=\count279
\l__xparse_m_args_int=\count280
\l__xparse_v_nesting_int=\count281
))
("C:\Program Files\MiKTeX\tex/latex/l3packages/xtemplate\xtemplate.sty"
Package: xtemplate 2020-05-15 L3 Experimental prototype document functions
\l__xtemplate_tmp_dim=\dimen177
\l__xtemplate_tmp_int=\count282
\l__xtemplate_tmp_muskip=\muskip18
\l__xtemplate_tmp_skip=\skip65
)
Package: xfrac 2020-05-15 L3 Experimental split-level fractions
\l__xfrac_slash_box=\box53
\l__xfrac_tmp_box=\box54
\l__xfrac_denominator_bot_sep_dim=\dimen178
\l__xfrac_numerator_bot_sep_dim=\dimen179
\l__xfrac_numerator_top_sep_dim=\dimen180
\l__xfrac_slash_left_sep_dim=\dimen181
\l__xfrac_slash_right_sep_dim=\dimen182
\l__xfrac_slash_left_muskip=\muskip19
\l__xfrac_slash_right_muskip=\muskip20

Package xtemplate Info: Declaring object type 'xfrac' taking 3 argument(s) on
(xtemplate)             line 80.

)
("C:\Program Files\MiKTeX\tex/latex/abntex2\abntex2cite.sty"
Package: abntex2cite 2018/11/24 v-1.9.7 abnTeX2

("C:\Program Files\MiKTeX\tex/latex/abntex2\abntex2abrev.sty")
("C:\Program Files\MiKTeX\tex/latex/setspace\setspace.sty"
Package: setspace 2011/12/19 v6.7a set line spacing
)
\minimumbiblabelwidth=\skip66
\ABCIauxlen=\skip67
\c@ABCIaux=\count283
\c@ABCImax=\count284

("C:\Program Files\MiKTeX\tex/generic/iftex\ifpdf.sty"
Package: ifpdf 2019/10/25 v3.4 ifpdf legacy package. Use iftex instead.
)
("C:\Program Files\MiKTeX\tex/generic/iftex\ifxetex.sty"
Package: ifxetex 2019/10/25 v0.7 ifxetex legacy package. Use iftex instead.
)
("C:\Program Files\MiKTeX\tex/latex/relsize\relsize.sty"
Package: relsize 2013/03/29 ver 4.1
)
\biblabelsep=\skip68
LaTeX Info: Redefining \newblock on input line 591.
LaTeX Info: Redefining \cite on input line 618.
\ABCItoken=\toks33
)
("C:\Program Files\MiKTeX\tex/latex/minitoc\minitoc.sty"
Package: minitoc 2018/07/12 v62 Package minitoc

("C:\Program Files\MiKTeX\tex/latex/minitoc\mtcmess.sty"
Package: mtcmess 2006/03/14
)
Package minitoc Info: I0001
(minitoc)             *** minitoc package, version 62 ***.
\tf@mtc=\write3
\mtcindent=\skip69
\mtcskipamount=\skip70
Package minitoc Info: I0005
(minitoc)             compatible with hyperref.
Package minitoc Info: I0023
(minitoc)             part level macros available.
Package minitoc Info: I0003
(minitoc)             chapter level macros available.
\mtc@toks=\toks34
\mtc@strutbox=\box55
\mtc@hstrutbox=\box56
Package minitoc Info: I0002
(minitoc)             Autoconfiguration of extensions.
\openout3 = `Dissertacao.mtc0'.

\openout3 = `Dissertacao.mtc'.

 (Dissertacao.mtc0)
Package minitoc Info: I0012
(minitoc)             Long extensions (Unix-like) will be used.
Package minitoc Info: I0031
(minitoc)             ==> this version is configured for UNIX-like 
(minitoc)                 (long extensions) file names.
\openout3 = `Dissertacao.mtc'.

\openout3 = `Dissertacao.mtc0'.

\c@mtc=\count285
\c@minitocdepth=\count286
\c@ptc=\count287
\c@parttocdepth=\count288
\ptcindent=\skip71
Package minitoc Info: I0010
(minitoc)             The english language is selected.
(minitoc)              on input line 4910.

("C:\Program Files\MiKTeX\tex/latex/minitoc\english.mld"
File: english.mld 2006/01/13
)
("C:\Program Files\MiKTeX\tex/latex/minitoc\english.mld"
File: english.mld 2006/01/13
)
Package minitoc Info: I0010
(minitoc)             The brazil language is selected.
(minitoc)              on input line 4911.

("C:\Program Files\MiKTeX\tex/latex/minitoc\brazil.mld"
File: brazil.mld 2006/01/13
))
("C:\Program Files\MiKTeX\tex/latex/listings\listings.sty"
\lst@mode=\count289
\lst@gtempboxa=\box57
\lst@token=\toks35
\lst@length=\count290
\lst@currlwidth=\dimen183
\lst@column=\count291
\lst@pos=\count292
\lst@lostspace=\dimen184
\lst@width=\dimen185
\lst@newlines=\count293
\lst@lineno=\count294
\lst@maxwidth=\dimen186

("C:\Program Files\MiKTeX\tex/latex/listings\lstmisc.sty"
File: lstmisc.sty 2020/03/24 1.8d (Carsten Heinz)
\c@lstnumber=\count295
\lst@skipnumbers=\count296
\lst@framebox=\box58
)
("C:\Program Files\MiKTeX\tex/latex/listings\listings.cfg"
File: listings.cfg 2020/03/24 1.8d listings configuration
))
Package: listings 2020/03/24 1.8d (Carsten Heinz)
 (capitulos.sty
Package: capitulos 1997/10/06 Chapter headers a la Bjarne Stroustrup
)
("C:\Program Files\MiKTeX\tex/latex/graphics\color.sty"
Package: color 2019/11/23 v1.2a Standard LaTeX Color (DPC)

("C:\Program Files\MiKTeX\tex/latex/graphics-cfg\color.cfg"
File: color.cfg 2016/01/02 v1.6 sample color configuration
)
Package color Info: Driver file: pdftex.def on input line 147.
)
("C:\Program Files\MiKTeX\tex/latex/caption\caption.sty"
Package: caption 2020/05/30 v3.4k Customizing captions (AR)

("C:\Program Files\MiKTeX\tex/latex/caption\caption3.sty"
Package: caption3 2020/07/20 v1.12b caption3 kernel (AR)
Package caption3 Info: TeX engine: e-TeX on input line 61.
\captionmargin=\dimen187
\captionmargin@=\dimen188
\captionwidth=\dimen189
\caption@tempdima=\dimen190
\caption@indent=\dimen191
\caption@parindent=\dimen192
\caption@hangindent=\dimen193
Package caption Info: Standard document class detected.
)
\c@caption@flags=\count297
\c@continuedfloat=\count298
Package caption Info: hyperref package is loaded.
Package caption Info: listings package is loaded.
)
("C:\Program Files\MiKTeX\tex/latex/caption\subcaption.sty"
Package: subcaption 2020/01/22 v1.3d Sub-captions (AR)
\c@subfigure=\count299
\c@subtable=\count300
)
("C:\Program Files\MiKTeX\tex/latex/tabulary\tabulary.sty"
Package: tabulary 2014/06/11 v0.10 tabulary package (DPC)
\TY@count=\count301
\TY@linewidth=\dimen194
\tymin=\dimen195
\tymax=\dimen196
\TY@tablewidth=\dimen197
)
("C:\Program Files\MiKTeX\tex/latex/graphics\rotating.sty"
Package: rotating 2016/08/11 v2.16d rotated objects in LaTeX
\c@r@tfl@t=\count302
\rotFPtop=\skip72
\rotFPbot=\skip73
\rot@float@box=\box59
\rot@mess@toks=\toks36
)
("C:\Program Files\MiKTeX\tex/latex/was\icomma.sty"
Package: icomma 2002/03/10 v2.0 (WaS)
)
("C:\Program Files\MiKTeX\tex/latex/epigraph\epigraph.sty"
Package: epigraph 2020/01/02 v1.5e typesetting epigraphs

("C:\Program Files\MiKTeX\tex/latex/nextpage\nextpage.sty"
Package: nextpage 2009/09/03 v1.1a additional page commands
)
\beforeepigraphskip=\skip74
\afterepigraphskip=\skip75
\epigraphwidth=\skip76
\epigraphrule=\skip77
)
("C:\Program Files\MiKTeX\tex/latex/pdfpages\pdfpages.sty"
Package: pdfpages 2020/01/28 v0.5q Insert pages of external PDF documents (AM)

("C:\Program Files\MiKTeX\tex/latex/eso-pic\eso-pic.sty"
Package: eso-pic 2018/04/12 v2.0h eso-pic (RN)
)
\AM@pagewidth=\dimen198
\AM@pageheight=\dimen199

("C:\Program Files\MiKTeX\tex/latex/pdfpages\pppdftex.def"
File: pppdftex.def 2020/01/28 v0.5q Pdfpages driver for pdfTeX (AM)
)
\AM@pagebox=\box60
\AM@global@opts=\toks37
\AM@pagecnt=\count303
\AM@toc@title=\toks38
\c@AM@survey=\count304
\AM@templatesizebox=\box61
)
("C:\Program Files\MiKTeX\tex/latex/trivfloat\trivfloat.sty"
Package: trivfloat 2009/04/23 v1.4 Quick floats in LaTeX

("C:\Program Files\MiKTeX\tex/latex/float\float.sty"
Package: float 2001/11/08 v1.3d Float enhancements (AL)
\c@float@type=\count305
\float@exts=\toks39
\float@box=\box62
\@float@everytoks=\toks40
\@floatcapt=\box63
)
\c@tfl@float@cnt=\count306
LaTeX Info: Redefining \tfl@uppercase on input line 223.
)
("C:\Program Files\MiKTeX\tex/latex/pgf/frontendlayer\tikz.sty"
("C:\Program Files\MiKTeX\tex/latex/pgf/basiclayer\pgf.sty"
("C:\Program Files\MiKTeX\tex/latex/pgf/utilities\pgfrcs.sty"
("C:\Program Files\MiKTeX\tex/generic/pgf/utilities\pgfutil-common.tex"
\pgfutil@everybye=\toks41
\pgfutil@tempdima=\dimen256
\pgfutil@tempdimb=\dimen257

("C:\Program Files\MiKTeX\tex/generic/pgf/utilities\pgfutil-common-lists.tex"))
("C:\Program Files\MiKTeX\tex/generic/pgf/utilities\pgfutil-latex.def"
\pgfutil@abb=\box64

("C:\Program Files\MiKTeX\tex/latex/ms\everyshi.sty"
Package: everyshi 2001/05/15 v3.00 EveryShipout Package (MS)
))
("C:\Program Files\MiKTeX\tex/generic/pgf/utilities\pgfrcs.code.tex"
("C:\Program Files\MiKTeX\tex/generic/pgf\pgf.revision.tex")
Package: pgfrcs 2020/01/08 v3.1.5b (3.1.5b)
))
Package: pgf 2020/01/08 v3.1.5b (3.1.5b)

("C:\Program Files\MiKTeX\tex/latex/pgf/basiclayer\pgfcore.sty"
("C:\Program Files\MiKTeX\tex/latex/pgf/systemlayer\pgfsys.sty"
("C:\Program Files\MiKTeX\tex/generic/pgf/systemlayer\pgfsys.code.tex"
Package: pgfsys 2020/01/08 v3.1.5b (3.1.5b)

("C:\Program Files\MiKTeX\tex/generic/pgf/utilities\pgfkeys.code.tex"
\pgfkeys@pathtoks=\toks42
\pgfkeys@temptoks=\toks43

("C:\Program Files\MiKTeX\tex/generic/pgf/utilities\pgfkeysfiltered.code.tex"
\pgfkeys@tmptoks=\toks44
))
\pgf@x=\dimen258
\pgf@y=\dimen259
\pgf@xa=\dimen260
\pgf@ya=\dimen261
\pgf@xb=\dimen262
\pgf@yb=\dimen263
\pgf@xc=\dimen264
\pgf@yc=\dimen265
\pgf@xd=\dimen266
\pgf@yd=\dimen267
\w@pgf@writea=\write4
\r@pgf@reada=\read3
\c@pgf@counta=\count307
\c@pgf@countb=\count308
\c@pgf@countc=\count309
\c@pgf@countd=\count310
\t@pgf@toka=\toks45
\t@pgf@tokb=\toks46
\t@pgf@tokc=\toks47
\pgf@sys@id@count=\count311
("C:\Program Files\MiKTeX\tex/generic/pgf/systemlayer\pgf.cfg"
File: pgf.cfg 2020/01/08 v3.1.5b (3.1.5b)
)
Driver file for pgf: pgfsys-pdftex.def

("C:\Program Files\MiKTeX\tex/generic/pgf/systemlayer\pgfsys-pdftex.def"
File: pgfsys-pdftex.def 2020/01/08 v3.1.5b (3.1.5b)

("C:\Program Files\MiKTeX\tex/generic/pgf/systemlayer\pgfsys-common-pdf.def"
File: pgfsys-common-pdf.def 2020/01/08 v3.1.5b (3.1.5b)
))) ("C:\Program Files\MiKTeX\tex/generic/pgf/systemlayer\pgfsyssoftpath.code.t
ex"
File: pgfsyssoftpath.code.tex 2020/01/08 v3.1.5b (3.1.5b)
\pgfsyssoftpath@smallbuffer@items=\count312
\pgfsyssoftpath@bigbuffer@items=\count313
) ("C:\Program Files\MiKTeX\tex/generic/pgf/systemlayer\pgfsysprotocol.code.tex
"
File: pgfsysprotocol.code.tex 2020/01/08 v3.1.5b (3.1.5b)
)) ("C:\Program Files\MiKTeX\tex/latex/xcolor\xcolor.sty"
Package: xcolor 2016/05/11 v2.12 LaTeX color extensions (UK)

("C:\Program Files\MiKTeX\tex/latex/graphics-cfg\color.cfg"
File: color.cfg 2016/01/02 v1.6 sample color configuration
)
Package xcolor Info: Driver file: pdftex.def on input line 225.
LaTeX Info: Redefining \color on input line 709.
Package xcolor Info: Model `cmy' substituted by `cmy0' on input line 1348.
Package xcolor Info: Model `hsb' substituted by `rgb' on input line 1352.
Package xcolor Info: Model `RGB' extended on input line 1364.
Package xcolor Info: Model `HTML' substituted by `rgb' on input line 1366.
Package xcolor Info: Model `Hsb' substituted by `hsb' on input line 1367.
Package xcolor Info: Model `tHsb' substituted by `hsb' on input line 1368.
Package xcolor Info: Model `HSB' substituted by `hsb' on input line 1369.
Package xcolor Info: Model `Gray' substituted by `gray' on input line 1370.
Package xcolor Info: Model `wave' substituted by `hsb' on input line 1371.
)
("C:\Program Files\MiKTeX\tex/generic/pgf/basiclayer\pgfcore.code.tex"
Package: pgfcore 2020/01/08 v3.1.5b (3.1.5b)

("C:\Program Files\MiKTeX\tex/generic/pgf/math\pgfmath.code.tex"
("C:\Program Files\MiKTeX\tex/generic/pgf/math\pgfmathcalc.code.tex"
("C:\Program Files\MiKTeX\tex/generic/pgf/math\pgfmathutil.code.tex")
("C:\Program Files\MiKTeX\tex/generic/pgf/math\pgfmathparser.code.tex"
\pgfmath@dimen=\dimen268
\pgfmath@count=\count314
\pgfmath@box=\box65
\pgfmath@toks=\toks48
\pgfmath@stack@operand=\toks49
\pgfmath@stack@operation=\toks50
)
("C:\Program Files\MiKTeX\tex/generic/pgf/math\pgfmathfunctions.code.tex"
("C:\Program Files\MiKTeX\tex/generic/pgf/math\pgfmathfunctions.basic.code.tex"
)
("C:\Program Files\MiKTeX\tex/generic/pgf/math\pgfmathfunctions.trigonometric.c
ode.tex")
("C:\Program Files\MiKTeX\tex/generic/pgf/math\pgfmathfunctions.random.code.tex
")
("C:\Program Files\MiKTeX\tex/generic/pgf/math\pgfmathfunctions.comparison.code
.tex")
("C:\Program Files\MiKTeX\tex/generic/pgf/math\pgfmathfunctions.base.code.tex")
("C:\Program Files\MiKTeX\tex/generic/pgf/math\pgfmathfunctions.round.code.tex"
) ("C:\Program Files\MiKTeX\tex/generic/pgf/math\pgfmathfunctions.misc.code.tex
")
("C:\Program Files\MiKTeX\tex/generic/pgf/math\pgfmathfunctions.integerarithmet
ics.code.tex")))
("C:\Program Files\MiKTeX\tex/generic/pgf/math\pgfmathfloat.code.tex"
\c@pgfmathroundto@lastzeros=\count315
))
("C:\Program Files\MiKTeX\tex/generic/pgf/math\pgfint.code.tex")
("C:\Program Files\MiKTeX\tex/generic/pgf/basiclayer\pgfcorepoints.code.tex"
File: pgfcorepoints.code.tex 2020/01/08 v3.1.5b (3.1.5b)
\pgf@picminx=\dimen269
\pgf@picmaxx=\dimen270
\pgf@picminy=\dimen271
\pgf@picmaxy=\dimen272
\pgf@pathminx=\dimen273
\pgf@pathmaxx=\dimen274
\pgf@pathminy=\dimen275
\pgf@pathmaxy=\dimen276
\pgf@xx=\dimen277
\pgf@xy=\dimen278
\pgf@yx=\dimen279
\pgf@yy=\dimen280
\pgf@zx=\dimen281
\pgf@zy=\dimen282
)
("C:\Program Files\MiKTeX\tex/generic/pgf/basiclayer\pgfcorepathconstruct.code.
tex"
File: pgfcorepathconstruct.code.tex 2020/01/08 v3.1.5b (3.1.5b)
\pgf@path@lastx=\dimen283
\pgf@path@lasty=\dimen284
)
("C:\Program Files\MiKTeX\tex/generic/pgf/basiclayer\pgfcorepathusage.code.tex"
File: pgfcorepathusage.code.tex 2020/01/08 v3.1.5b (3.1.5b)
\pgf@shorten@end@additional=\dimen285
\pgf@shorten@start@additional=\dimen286
) ("C:\Program Files\MiKTeX\tex/generic/pgf/basiclayer\pgfcorescopes.code.tex"
File: pgfcorescopes.code.tex 2020/01/08 v3.1.5b (3.1.5b)
\pgfpic=\box66
\pgf@hbox=\box67
\pgf@layerbox@main=\box68
\pgf@picture@serial@count=\count316
)
("C:\Program Files\MiKTeX\tex/generic/pgf/basiclayer\pgfcoregraphicstate.code.t
ex"
File: pgfcoregraphicstate.code.tex 2020/01/08 v3.1.5b (3.1.5b)
\pgflinewidth=\dimen287
)
("C:\Program Files\MiKTeX\tex/generic/pgf/basiclayer\pgfcoretransformations.cod
e.tex"
File: pgfcoretransformations.code.tex 2020/01/08 v3.1.5b (3.1.5b)
\pgf@pt@x=\dimen288
\pgf@pt@y=\dimen289
\pgf@pt@temp=\dimen290
)
("C:\Program Files\MiKTeX\tex/generic/pgf/basiclayer\pgfcorequick.code.tex"
File: pgfcorequick.code.tex 2020/01/08 v3.1.5b (3.1.5b)
)
("C:\Program Files\MiKTeX\tex/generic/pgf/basiclayer\pgfcoreobjects.code.tex"
File: pgfcoreobjects.code.tex 2020/01/08 v3.1.5b (3.1.5b)
)
("C:\Program Files\MiKTeX\tex/generic/pgf/basiclayer\pgfcorepathprocessing.code
.tex"
File: pgfcorepathprocessing.code.tex 2020/01/08 v3.1.5b (3.1.5b)
)
("C:\Program Files\MiKTeX\tex/generic/pgf/basiclayer\pgfcorearrows.code.tex"
File: pgfcorearrows.code.tex 2020/01/08 v3.1.5b (3.1.5b)
\pgfarrowsep=\dimen291
)
("C:\Program Files\MiKTeX\tex/generic/pgf/basiclayer\pgfcoreshade.code.tex"
File: pgfcoreshade.code.tex 2020/01/08 v3.1.5b (3.1.5b)
\pgf@max=\dimen292
\pgf@sys@shading@range@num=\count317
\pgf@shadingcount=\count318
)
("C:\Program Files\MiKTeX\tex/generic/pgf/basiclayer\pgfcoreimage.code.tex"
File: pgfcoreimage.code.tex 2020/01/08 v3.1.5b (3.1.5b)

("C:\Program Files\MiKTeX\tex/generic/pgf/basiclayer\pgfcoreexternal.code.tex"
File: pgfcoreexternal.code.tex 2020/01/08 v3.1.5b (3.1.5b)
\pgfexternal@startupbox=\box69
)) ("C:\Program Files\MiKTeX\tex/generic/pgf/basiclayer\pgfcorelayers.code.tex"
File: pgfcorelayers.code.tex 2020/01/08 v3.1.5b (3.1.5b)
)
("C:\Program Files\MiKTeX\tex/generic/pgf/basiclayer\pgfcoretransparency.code.t
ex"
File: pgfcoretransparency.code.tex 2020/01/08 v3.1.5b (3.1.5b)
)
("C:\Program Files\MiKTeX\tex/generic/pgf/basiclayer\pgfcorepatterns.code.tex"
File: pgfcorepatterns.code.tex 2020/01/08 v3.1.5b (3.1.5b)
) ("C:\Program Files\MiKTeX\tex/generic/pgf/basiclayer\pgfcorerdf.code.tex"
File: pgfcorerdf.code.tex 2020/01/08 v3.1.5b (3.1.5b)
)))
("C:\Program Files\MiKTeX\tex/generic/pgf/modules\pgfmoduleshapes.code.tex"
File: pgfmoduleshapes.code.tex 2020/01/08 v3.1.5b (3.1.5b)
\pgfnodeparttextbox=\box70
)
("C:\Program Files\MiKTeX\tex/generic/pgf/modules\pgfmoduleplot.code.tex"
File: pgfmoduleplot.code.tex 2020/01/08 v3.1.5b (3.1.5b)
)
("C:\Program Files\MiKTeX\tex/latex/pgf/compatibility\pgfcomp-version-0-65.sty"
Package: pgfcomp-version-0-65 2020/01/08 v3.1.5b (3.1.5b)
\pgf@nodesepstart=\dimen293
\pgf@nodesepend=\dimen294
) ("C:\Program Files\MiKTeX\tex/latex/pgf/compatibility\pgfcomp-version-1-18.st
y"
Package: pgfcomp-version-1-18 2020/01/08 v3.1.5b (3.1.5b)
)) ("C:\Program Files\MiKTeX\tex/latex/pgf/utilities\pgffor.sty"
("C:\Program Files\MiKTeX\tex/latex/pgf/utilities\pgfkeys.sty"
("C:\Program Files\MiKTeX\tex/generic/pgf/utilities\pgfkeys.code.tex"))
("C:\Program Files\MiKTeX\tex/latex/pgf/math\pgfmath.sty"
("C:\Program Files\MiKTeX\tex/generic/pgf/math\pgfmath.code.tex"))
("C:\Program Files\MiKTeX\tex/generic/pgf/utilities\pgffor.code.tex"
Package: pgffor 2020/01/08 v3.1.5b (3.1.5b)

("C:\Program Files\MiKTeX\tex/generic/pgf/math\pgfmath.code.tex")
\pgffor@iter=\dimen295
\pgffor@skip=\dimen296
\pgffor@stack=\toks51
\pgffor@toks=\toks52
))
("C:\Program Files\MiKTeX\tex/generic/pgf/frontendlayer/tikz\tikz.code.tex"
Package: tikz 2020/01/08 v3.1.5b (3.1.5b)

("C:\Program Files\MiKTeX\tex/generic/pgf/libraries\pgflibraryplothandlers.code
.tex"
File: pgflibraryplothandlers.code.tex 2020/01/08 v3.1.5b (3.1.5b)
\pgf@plot@mark@count=\count319
\pgfplotmarksize=\dimen297
)
\tikz@lastx=\dimen298
\tikz@lasty=\dimen299
\tikz@lastxsaved=\dimen300
\tikz@lastysaved=\dimen301
\tikz@lastmovetox=\dimen302
\tikz@lastmovetoy=\dimen303
\tikzleveldistance=\dimen304
\tikzsiblingdistance=\dimen305
\tikz@figbox=\box71
\tikz@figbox@bg=\box72
\tikz@tempbox=\box73
\tikz@tempbox@bg=\box74
\tikztreelevel=\count320
\tikznumberofchildren=\count321
\tikznumberofcurrentchild=\count322
\tikz@fig@count=\count323

("C:\Program Files\MiKTeX\tex/generic/pgf/modules\pgfmodulematrix.code.tex"
File: pgfmodulematrix.code.tex 2020/01/08 v3.1.5b (3.1.5b)
\pgfmatrixcurrentrow=\count324
\pgfmatrixcurrentcolumn=\count325
\pgf@matrix@numberofcolumns=\count326
)
\tikz@expandcount=\count327

("C:\Program Files\MiKTeX\tex/generic/pgf/frontendlayer/tikz/libraries\tikzlibr
arytopaths.code.tex"
File: tikzlibrarytopaths.code.tex 2020/01/08 v3.1.5b (3.1.5b)
)))
("C:\Program Files\MiKTeX\tex/latex/multirow\multirow.sty"
Package: multirow 2019/05/31 v2.5 Span multiple rows of a table
\multirow@colwidth=\skip78
\multirow@cntb=\count328
\multirow@dima=\skip79
\bigstrutjot=\dimen306
)
("C:\Program Files\MiKTeX\tex/latex/placeins\placeins.sty"
Package: placeins 2005/04/18  v 2.2
)
("C:\Program Files\MiKTeX\tex/latex/makecell\makecell.sty"
Package: makecell 2009/08/03 V0.1e Managing of Tab Column Heads and Cells
\rotheadsize=\dimen307
\c@nlinenum=\count329
\TeXr@lab=\toks53
)
("C:\Program Files\MiKTeX\tex/latex/threeparttable\threeparttable.sty"
Package: threeparttable 2003/06/13  v 3.0
\@tempboxb=\box75
)
\c@definition=\count330
\@losfile=\write5
\openout5 = `Dissertacao.syx'.


Writing index of symbols file Dissertacao.syx
\@labfile=\write6
\openout6 = `Dissertacao.abx'.

Writing index of abbreviations file Dissertacao.abx
\@float@every@quadro=\toks54
(Dissertacao.aux (Introducao.aux) (Fundamentacao.aux) (CriacaoSistema.aux)
(CasoTeste.aux) (ApendiceXX.aux))
\openout1 = `Dissertacao.aux'.

LaTeX Font Info:    Checking defaults for OML/cmm/m/it on input line 113.
LaTeX Font Info:    ... okay on input line 113.
LaTeX Font Info:    Checking defaults for OMS/cmsy/m/n on input line 113.
LaTeX Font Info:    ... okay on input line 113.
LaTeX Font Info:    Checking defaults for OT1/cmr/m/n on input line 113.
LaTeX Font Info:    ... okay on input line 113.
LaTeX Font Info:    Checking defaults for T1/cmr/m/n on input line 113.
LaTeX Font Info:    ... okay on input line 113.
LaTeX Font Info:    Checking defaults for TS1/cmr/m/n on input line 113.
LaTeX Font Info:    ... okay on input line 113.
LaTeX Font Info:    Checking defaults for OMX/cmex/m/n on input line 113.
LaTeX Font Info:    ... okay on input line 113.
LaTeX Font Info:    Checking defaults for U/cmr/m/n on input line 113.
LaTeX Font Info:    ... okay on input line 113.
LaTeX Font Info:    Checking defaults for PD1/pdf/m/n on input line 113.
LaTeX Font Info:    ... okay on input line 113.
Package lastpage Info: Please have a look at the pageslts package at
(lastpage)             https://www.ctan.org/pkg/pageslts
(lastpage)             ! on input line 113.
\AtBeginShipoutBox=\box76
Package hyperref Info: Link coloring OFF on input line 113.

("C:\Program Files\MiKTeX\tex/latex/hyperref\nameref.sty"
Package: nameref 2019/09/16 v2.46 Cross-referencing by name of section

("C:\Program Files\MiKTeX\tex/latex/refcount\refcount.sty"
Package: refcount 2019/12/15 v3.6 Data extraction from label references (HO)
)
("C:\Program Files\MiKTeX\tex/generic/gettitlestring\gettitlestring.sty"
Package: gettitlestring 2019/12/15 v1.6 Cleanup title references (HO)
)
\c@section@level=\count331
)
LaTeX Info: Redefining \ref on input line 113.
LaTeX Info: Redefining \pageref on input line 113.
LaTeX Info: Redefining \nameref on input line 113.

(Dissertacao.out) (Dissertacao.out)
\@outlinefile=\write7
\openout7 = `Dissertacao.out'.


("C:\Program Files\MiKTeX\tex/context/base/mkii\supp-pdf.mkii"
[Loading MPS to PDF converter (version 2006.09.02).]
\scratchcounter=\count332
\scratchdimen=\dimen308
\scratchbox=\box77
\nofMPsegments=\count333
\nofMParguments=\count334
\everyMPshowfont=\toks55
\MPscratchCnt=\count335
\MPscratchDim=\dimen309
\MPnumerator=\count336
\makeMPintoPDFobject=\count337
\everyMPtoPDFconversion=\toks56
) ("C:\Program Files\MiKTeX\tex/latex/epstopdf-pkg\epstopdf-base.sty"
Package: epstopdf-base 2020-01-24 v2.11 Base part for package epstopdf
Package epstopdf-base Info: Redefining graphics rule for `.eps' on input line 4
85.
)
*geometry* driver: auto-detecting
*geometry* detected driver: pdftex
*geometry* verbose mode - [ preamble ] result:
* driver: pdftex
* paper: a4paper
* layout: <same size as paper>
* layoutoffset:(h,v)=(0.0pt,0.0pt)
* vratio: 1:1
* modes: twoside 
* h-part:(L,W,R)=(85.35826pt, 426.79135pt, 85.35826pt)
* v-part:(T,H,B)=(71.13188pt, 702.78308pt, 71.13188pt)
* \paperwidth=597.50787pt
* \paperheight=845.04684pt
* \textwidth=426.79135pt
* \textheight=702.78308pt
* \oddsidemargin=13.08827pt
* \evensidemargin=13.08827pt
* \topmargin=-33.0119pt
* \headheight=12.0pt
* \headsep=19.8738pt
* \topskip=12.0pt
* \footskip=30.0pt
* \marginparwidth=88.0pt
* \marginparsep=7.0pt
* \columnsep=10.0pt
* \skip\footins=10.8pt plus 4.0pt minus 2.0pt
* \hoffset=0.0pt
* \voffset=0.0pt
* \mag=1000
* \@twocolumnfalse
* \@twosidetrue
* \@mparswitchtrue
* \@reversemarginfalse
* (1in=72.27pt=25.4mm, 1cm=28.453pt)

\c@lstlisting=\count338
Package caption Info: Begin \AtBeginDocument code.
Package caption Info: float package is loaded.
Package caption Info: rotating package is loaded.
Package caption Info: threeparttable package is loaded.
Package caption Info: End \AtBeginDocument code.
("C:\Program Files\MiKTeX\tex/latex/pdflscape\pdflscape.sty"
Package: pdflscape 2019/12/05 v0.12 Display of landscape pages in PDF (HO)

("C:\Program Files\MiKTeX\tex/latex/graphics\lscape.sty"
Package: lscape 2000/10/22 v3.01 Landscape Pages (DPC)
)
Package pdflscape Info: Auto-detected driver: pdftex on input line 81.
)
ABD: EveryShipout initializing macros
\c@quadro=\count339


Package hyperref Warning: Option `colorlinks' has already been used,
(hyperref)                setting the option has no effect on input line 133.

Package hyperref Info: Option `breaklinks' set `true' on input line 133.
Package hyperref Info: Option `raiselinks' set `true' on input line 133.
Package hyperref Info: Option `pageanchor' set `true' on input line 133.
<UFBA.jpg, id=131, 289.3209pt x 446.1468pt>
File: UFBA.jpg Graphic file (type jpg)
<use UFBA.jpg>
Package pdftex.def Info: UFBA.jpg  used on input line 133.
(pdftex.def)             Requested size: 86.79694pt x 133.84508pt.

Underfull \hbox (badness 1831) in paragraph at lines 133--133
[]\T1/cmr/m/n/12 Dissertação de Mestrado apresentada ao
 []


Underfull \hbox (badness 4792) in paragraph at lines 133--133
\T1/cmr/m/n/12 Industrial, da Universidade Federal da
 []


Underfull \hbox (badness 7869) in paragraph at lines 133--133
\T1/cmr/m/n/12 à obtenção do título de Mestre em
 []

<<ot1.cmap>><<oml.cmap>><<oms.cmap>><<omx.cmap>>
LaTeX Font Info:    Trying to load font information for U+msa on input line 133
.

("C:\Program Files\MiKTeX\tex/latex/amsfonts\umsa.fd"
File: umsa.fd 2013/01/14 v3.01 AMS symbols A
)
LaTeX Font Info:    Trying to load font information for U+msb on input line 133
.

("C:\Program Files\MiKTeX\tex/latex/amsfonts\umsb.fd"
File: umsb.fd 2013/01/14 v3.01 AMS symbols B
)
Underfull \hbox (badness 10000) in paragraph at lines 133--133
[]|\T1/cmr/m/n/12 NOME SOBRENOME
 []


Underfull \hbox (badness 10000) in paragraph at lines 133--133
[]|\T1/cmr/m/n/12 NOME SOBRENOME
 []

[1


{C:/Users/Rafael Lucena/AppData/Local/MiKTeX/pdftex/config/pdftex.map} <./UFBA.
jpg>]
Underfull \hbox (badness 10000) in paragraph at lines 135--135
[]|\T1/cmr/m/n/12 NOME SOBRENOME ÚLTIMO
 []


Underfull \hbox (badness 10000) in paragraph at lines 135--135
[]|\T1/cmr/m/n/12 NOME SOBRENOME ÚLTIMO
 []


LaTeX Warning: Reference `bib:begin' on page iii undefined on input line 135.


LaTeX Warning: Reference `bib:end' on page iii undefined on input line 135.

[3

] [4

] [5] [6

] [7] [8

]
Package minitoc Info: I0024
(minitoc)             PREPARING MINITOCS FROM Dissertacao.toc on input line 167
.
Package minitoc Info: I0033
(minitoc)             Writing Dissertacao.mtc1.
\openout3 = `Dissertacao.mtc1'.

Package minitoc Info: I0033
(minitoc)             Writing Dissertacao.mtc2.
\openout3 = `Dissertacao.mtc2'.

Package minitoc Info: I0033
(minitoc)             Writing Dissertacao.mtc3.
\openout3 = `Dissertacao.mtc3'.

Package minitoc Info: I0033
(minitoc)             Writing Dissertacao.mtc4.
\openout3 = `Dissertacao.mtc4'.

Package minitoc Info: I0033
(minitoc)             Writing Dissertacao.mtc5.
\openout3 = `Dissertacao.mtc5'.

Package minitoc Info: I0033
(minitoc)             Writing Dissertacao.mtc6.
\openout3 = `Dissertacao.mtc6'.

Package minitoc Info: I0033
(minitoc)             Writing Dissertacao.mtc7.
\openout3 = `Dissertacao.mtc7'.

Package minitoc Info: I0033
(minitoc)             Writing Dissertacao.mtc8.
\openout3 = `Dissertacao.mtc8'.

Package minitoc Info: I0033
(minitoc)             Writing Dissertacao.mtc9.
\openout3 = `Dissertacao.mtc9'.

 [9

] [10

] (Dissertacao.toc [11])
\tf@toc=\write8
\openout8 = `Dissertacao.toc'.

 [12] (Dissertacao.lof)
\tf@lof=\write9
\openout9 = `Dissertacao.lof'.


[13

] [14

] (Dissertacao.lot)
\tf@lot=\write10
\openout10 = `Dissertacao.lot'.

 [15] [16

] (Dissertacao.loa)
\tf@loa=\write11
\openout11 = `Dissertacao.loa'.


No file Dissertacao.los.
No file Dissertacao.lab.
[17] [18

]
\openout2 = `Introducao.aux'.

 (Introducao.tex
Cap\'{\i }tulo 1.
[1


] [2]) [3]
\openout2 = `Fundamentacao.aux'.

 (Fundamentacao.tex [4



]
Cap\'{\i }tulo 2.
[5] [6]
<imagens/Supervisorio_exemplo.png, id=311, 429.10312pt x 286.06876pt>
File: imagens/Supervisorio_exemplo.png Graphic file (type png)
<use imagens/Supervisorio_exemplo.png>
Package pdftex.def Info: imagens/Supervisorio_exemplo.png  used on input line 2
3.
(pdftex.def)             Requested size: 429.10207pt x 286.06805pt.

Overfull \hbox (2.31071pt too wide) in paragraph at lines 23--24
 [][] 
 []


Underfull \vbox (badness 2547) has occurred while \output is active []

 [7 <./imagens/Supervisorio_exemplo.png>]
<imagens/piramide_automacao.png, id=317, 607.51968pt x 386.19281pt>
File: imagens/piramide_automacao.png Graphic file (type png)
<use imagens/piramide_automacao.png>
Package pdftex.def Info: imagens/piramide_automacao.png  used on input line 36.

(pdftex.def)             Requested size: 607.51819pt x 386.19185pt.

Overfull \hbox (180.72684pt too wide) in paragraph at lines 36--37
 [][] 
 []

[8 <./imagens/piramide_automacao.png>]
<imagens/serial_comm.png, id=324, 298.11375pt x 213.79875pt>
File: imagens/serial_comm.png Graphic file (type png)
<use imagens/serial_comm.png>
Package pdftex.def Info: imagens/serial_comm.png  used on input line 55.
(pdftex.def)             Requested size: 298.11302pt x 213.79822pt.

Underfull \vbox (badness 4752) has occurred while \output is active []

 [9]
[10 <./imagens/serial_comm.png>]
<imagens/Exemplo_QWidget.png, id=335, 354.57469pt x 228.10219pt>
File: imagens/Exemplo_QWidget.png Graphic file (type png)
<use imagens/Exemplo_QWidget.png>
Package pdftex.def Info: imagens/Exemplo_QWidget.png  used on input line 87.
(pdftex.def)             Requested size: 354.57382pt x 228.10161pt.
 [11]) [12 <./imagens/Exemplo_QWidget.png>]
\openout2 = `CriacaoSistema.aux'.


(CriacaoSistema.tex
Cap\'{\i }tulo 3.
[13



]
Underfull \hbox (badness 10000) in paragraph at lines 36--36
[]|\T1/cmr/m/n/12 python-
 []


Overfull \hbox (9.55823pt too wide) in paragraph at lines 24--39
 [] 
 []


Underfull \vbox (badness 10000) has occurred while \output is active []

 [14]
[15]
Overfull \hbox (14.08144pt too wide) in paragraph at lines 50--51
[]\T1/cmr/m/n/12 emphDatasetConfig: tem como Wid-get prin-ci-pal um se-le-tor c
om abas (QTabWid-
 []

<imagens/GUI_macro.png, id=359, 755.07094pt x 478.03593pt>
File: imagens/GUI_macro.png Graphic file (type png)
<use imagens/GUI_macro.png>
Package pdftex.def Info: imagens/GUI_macro.png  used on input line 56.
(pdftex.def)             Requested size: 755.06909pt x 478.03476pt.

Overfull \hbox (328.27774pt too wide) in paragraph at lines 56--57
 [][] 
 []

[16] [17 <./imagens/GUI_macro.png>]
<imagens/edit_series_dialog.png, id=369, 453.94594pt x 303.38344pt>
File: imagens/edit_series_dialog.png Graphic file (type png)
<use imagens/edit_series_dialog.png>
Package pdftex.def Info: imagens/edit_series_dialog.png  used on input line 85.

(pdftex.def)             Requested size: 453.94482pt x 303.38269pt.

Overfull \hbox (27.15347pt too wide) in paragraph at lines 85--86
 [][] 
 []

[18] [19 <./imagens/edit_series_dialog.png>]
<imagens/graphic_plot_config.png, id=384, 277.78781pt x 97.86563pt>
File: imagens/graphic_plot_config.png Graphic file (type png)
<use imagens/graphic_plot_config.png>
Package pdftex.def Info: imagens/graphic_plot_config.png  used on input line 10
8.
(pdftex.def)             Requested size: 277.78711pt x 97.86537pt.
 [20 <./imagens/graphic_plot_config.png>]
<imagens/main_plot_area.png, id=391, 423.08063pt x 277.035pt>
File: imagens/main_plot_area.png Graphic file (type png)
<use imagens/main_plot_area.png>
Package pdftex.def Info: imagens/main_plot_area.png  used on input line 121.
(pdftex.def)             Requested size: 423.07959pt x 277.03432pt.
 [21 <./imagens/main_plot_area.png>]
Underfull \hbox (badness 10000) in paragraph at lines 130--135

 []


Underfull \hbox (badness 10000) in paragraph at lines 130--135

 []


Underfull \vbox (badness 10000) has occurred while \output is active []

 [22]
<imagens/esquema_serial.png, id=401, 366.61969pt x 216.81pt>
File: imagens/esquema_serial.png Graphic file (type png)
<use imagens/esquema_serial.png>
Package pdftex.def Info: imagens/esquema_serial.png  used on input line 148.
(pdftex.def)             Requested size: 366.61879pt x 216.80946pt.

Underfull \vbox (badness 3612) has occurred while \output is active []

 [23])
[24 <./imagens/esquema_serial.png>]
\openout2 = `CasoTeste.aux'.

 (CasoTeste.tex
Cap\'{\i }tulo 4.
<imagens/sistema_teste.png, id=411, 368.87813pt x 332.74312pt>
File: imagens/sistema_teste.png Graphic file (type png)
<use imagens/sistema_teste.png>
Package pdftex.def Info: imagens/sistema_teste.png  used on input line 9.
(pdftex.def)             Requested size: 368.87721pt x 332.7423pt.

Underfull \hbox (badness 10000) in paragraph at lines 16--25

 []


Underfull \hbox (badness 10000) in paragraph at lines 16--25

 []


Underfull \vbox (badness 10000) has occurred while \output is active []

 [25



]
[26 <./imagens/sistema_teste.png>]
Overfull \hbox (1.05727pt too wide) in paragraph at lines 66--69
[]$[] \OT1/cmr/m/n/12 = \OMS/cmsy/m/n/12  [][][][]\OML/cmm/m/it/12 k[] \OT1/cmr
/m/n/12 + [][][] + [][][][]\OML/cmm/m/it/12 k[] \OT1/cmr/m/n/12 +
 []

[27]) [28]
\openout2 = `ApendiceXX.aux'.

 (ApendiceXX.tex
Ap\^endice A.
) [29




] 
AED: lastpage setting LastPage
Package minitoc Info: I0009
(minitoc)             Listing minitoc auxiliary files. 
(minitoc)             Creating the Dissertacao.maf file.
\openout3 = `Dissertacao.maf'.

Package atveryend Info: Empty hook `BeforeClearDocument' on input line 205.
Package atveryend Info: Empty hook `AfterLastShipout' on input line 205.
(Dissertacao.aux (Introducao.aux) (Fundamentacao.aux) (CriacaoSistema.aux)
(CasoTeste.aux) (ApendiceXX.aux))
Package atveryend Info: Executing hook `AtVeryEndDocument' on input line 205.
Package atveryend Info: Executing hook `AtEndAfterFileList' on input line 205.
Package rerunfilecheck Info: File `Dissertacao.out' has not changed.
(rerunfilecheck)             Checksum: 660D21618DB05F3E02080E045036FBC3;2006.


LaTeX Warning: There were undefined references.

Package atveryend Info: Empty hook `AtVeryVeryEnd' on input line 205.
 ) 
Here is how much of TeX's memory you used:
 26017 strings out of 480790
 462770 string characters out of 2907029
 769687 words of memory out of 3000000
 41050 multiletter control sequences out of 15000+200000
 549333 words of font info for 63 fonts, out of 3000000 for 9000
 1141 hyphenation exceptions out of 8191
 60i,11n,60p,1107b,479s stack positions out of 5000i,500n,10000p,200000b,50000s
 <C:\Users\Rafael Lucena\AppData\Local\MiKTeX\fonts/pk/ljfour/jknappen/ec/dpi
600\ecbi1728.pk> <C:\Users\Rafael Lucena\AppData\Local\MiKTeX\fonts/pk/ljfour/j
knappen/ec/dpi600\ecti1000.pk> <C:\Users\Rafael Lucena\AppData\Local\MiKTeX\fon
ts/pk/ljfour/jknappen/ec/dpi600\ecrm1000.pk> <C:\Users\Rafael Lucena\AppData\Lo
cal\MiKTeX\fonts/pk/ljfour/jknappen/ec/dpi600\tcrm1200.pk> <C:\Users\Rafael Luc
ena\AppData\Local\MiKTeX\fonts/pk/ljfour/jknappen/ec/dpi600\ecbx1440.pk> <C:\Us
ers\Rafael Lucena\AppData\Local\MiKTeX\fonts/pk/ljfour/jknappen/ec/dpi600\ecbx1
728.pk> <C:\Users\Rafael Lucena\AppData\Local\MiKTeX\fonts/pk/ljfour/jknappen/e
c/dpi600\ecrm1095.pk> <C:\Users\Rafael Lucena\AppData\Local\MiKTeX\fonts/pk/ljf
our/jknappen/ec/dpi600\ecti1095.pk> <C:\Users\Rafael Lucena\AppData\Local\MiKTe
X\fonts/pk/ljfour/jknappen/ec/dpi600\ecbx2488.pk> <C:\Users\Rafael Lucena\AppDa
ta\Local\MiKTeX\fonts/pk/ljfour/jknappen/ec/dpi600\ecti1200.pk> <C:\Users\Rafae
l Lucena\AppData\Local\MiKTeX\fonts/pk/ljfour/jknappen/ec/dpi600\ecbx1200.pk> <
C:\Users\Rafael Lucena\AppData\Local\MiKTeX\fonts/pk/ljfour/jknappen/ec/dpi600\
ecrm1200.pk><C:/Program Files/MiKTeX/fonts/type1/public/amsfonts/cm/cmex10.pfb>
<C:/Program Files/MiKTeX/fonts/type1/public/amsfonts/cm/cmmi12.pfb><C:/Program 
Files/MiKTeX/fonts/type1/public/amsfonts/cm/cmmi6.pfb><C:/Program Files/MiKTeX/
fonts/type1/public/amsfonts/cm/cmmi8.pfb><C:/Program Files/MiKTeX/fonts/type1/p
ublic/amsfonts/cm/cmr12.pfb><C:/Program Files/MiKTeX/fonts/type1/public/amsfont
s/cm/cmr6.pfb><C:/Program Files/MiKTeX/fonts/type1/public/amsfonts/cm/cmr8.pfb>
<C:/Program Files/MiKTeX/fonts/type1/public/amsfonts/cm/cmsy10.pfb><C:/Program 
Files/MiKTeX/fonts/type1/public/amsfonts/cm/cmsy8.pfb>
Output written on Dissertacao.pdf (46 pages, 1279217 bytes).
PDF statistics:
 978 PDF objects out of 1000 (max. 8388607)
 100 named destinations out of 1000 (max. 500000)
 336 words of extra memory for PDF output out of 10000 (max. 10000000)

