\BOOKMARK [0][-]{chapter*.3}{Lista de Figuras}{}% 1
\BOOKMARK [0][-]{chapter*.4}{Lista de Tabelas}{}% 2
\BOOKMARK [0][-]{section*.5}{Lista de Quadros}{}% 3
\BOOKMARK [0][-]{chapter.1}{Introdu\347\343o}{}% 4
\BOOKMARK [1][-]{section.1.1}{Contextualiza\347\343o}{chapter.1}% 5
\BOOKMARK [1][-]{section.1.2}{Problema e Justificativa}{chapter.1}% 6
\BOOKMARK [1][-]{section.1.3}{Objetivos}{chapter.1}% 7
\BOOKMARK [2][-]{subsection.1.3.1}{Objetivos Gerais}{section.1.3}% 8
\BOOKMARK [2][-]{subsection.1.3.2}{Objetivos Espec\355ficos}{section.1.3}% 9
\BOOKMARK [1][-]{section.1.4}{Estrutura do Trabalho}{chapter.1}% 10
\BOOKMARK [0][-]{chapter.2}{Fundamenta\347\343o Te\363rica}{}% 11
\BOOKMARK [1][-]{section.2.1}{Modelagem de Processos}{chapter.2}% 12
\BOOKMARK [1][-]{section.2.2}{SCADA}{chapter.2}% 13
\BOOKMARK [1][-]{section.2.3}{Comunica\347\343o Serial}{chapter.2}% 14
\BOOKMARK [1][-]{section.2.4}{Qt em Python}{chapter.2}% 15
\BOOKMARK [0][-]{chapter.3}{Desenvolvimento do Sistema Supervis\363rio}{}% 16
\BOOKMARK [1][-]{section.3.1}{Requisitos do Sistema}{chapter.3}% 17
\BOOKMARK [1][-]{section.3.2}{Sele\347\343o das Tecnologias}{chapter.3}% 18
\BOOKMARK [2][-]{subsection.3.2.1}{Sele\347\343o das bibliotecas}{section.3.2}% 19
\BOOKMARK [1][-]{section.3.3}{Criando a interface gr\341fica}{chapter.3}% 20
\BOOKMARK [1][-]{section.3.4}{Dataset Config}{chapter.3}% 21
\BOOKMARK [1][-]{section.3.5}{PlotManager}{chapter.3}% 22
\BOOKMARK [1][-]{section.3.6}{MainPlotArea}{chapter.3}% 23
\BOOKMARK [1][-]{section.3.7}{SCADADialog}{chapter.3}% 24
\BOOKMARK [1][-]{section.3.8}{Salvamento Autom\341tico de S\351ries}{chapter.3}% 25
\BOOKMARK [1][-]{section.3.9}{Diagrama de Rela\347\365es entre Objetos}{chapter.3}% 26
\BOOKMARK [0][-]{chapter.4}{Caso de Teste}{}% 27
\BOOKMARK [1][-]{section.4.1}{Apresenta\347\343o do Sistema}{chapter.4}% 28
\BOOKMARK [1][-]{section.4.2}{Comportamento esperado}{chapter.4}% 29
\BOOKMARK [1][-]{section.4.3}{Sintonia do Controlador}{chapter.4}% 30
\BOOKMARK [2][-]{subsection.4.3.1}{Lineariza\347\343o do Sistema}{section.4.3}% 31
\BOOKMARK [2][-]{subsection.4.3.2}{Sintonia do PI}{section.4.3}% 32
\BOOKMARK [2][-]{subsection.4.3.3}{Sintonia do LQR}{section.4.3}% 33
\BOOKMARK [1][-]{section.4.4}{Configura\347\343o do supervis\363rio did\341tico}{chapter.4}% 34
\BOOKMARK [2][-]{subsection.4.4.1}{Controlador PI}{section.4.4}% 35
\BOOKMARK [2][-]{subsection.4.4.2}{LQR}{section.4.4}% 36
\BOOKMARK [1][-]{section.4.5}{Resultados}{chapter.4}% 37
\BOOKMARK [2][-]{subsection.4.5.1}{Controlador PI}{section.4.5}% 38
\BOOKMARK [2][-]{subsection.4.5.2}{LQR}{section.4.5}% 39
\BOOKMARK [1][-]{section.4.6}{Considera\347\365es Finais}{chapter.4}% 40
\BOOKMARK [0][-]{chapter.5}{Conclus\343o}{}% 41
\BOOKMARK [1][-]{section.5.1}{Poss\355veis aditivos}{chapter.5}% 42
\BOOKMARK [0][-]{chapter*.25}{Refer\352ncias}{}% 43
\BOOKMARK [0][-]{chapter*.25}{Anexos e Ap\352ndices}{}% 44
\BOOKMARK [0][-]{appendix.A}{C\363digos}{}% 45
\BOOKMARK [1][-]{section.A.1}{C\363digo do arduino para Controle de Tanque com \301rea Vari\341vel}{appendix.A}% 46
\BOOKMARK [0][-]{appendix.B}{Tutorial de utiliza\347\343o do supervis\363rio did\341tico}{}% 47
\BOOKMARK [1][-]{section.B.1}{Apresenta\347\343o}{appendix.B}% 48
\BOOKMARK [1][-]{section.B.2}{Primeira utiliza\347\343o}{appendix.B}% 49
\BOOKMARK [1][-]{section.B.3}{Iniciando o programa}{appendix.B}% 50
\BOOKMARK [1][-]{section.B.4}{Importando s\351ries est\341ticas no programa}{appendix.B}% 51
\BOOKMARK [2][-]{subsection.B.4.1}{Fun\347\343o de Transfer\352ncia}{section.B.4}% 52
\BOOKMARK [2][-]{subsection.B.4.2}{Entrada por arquivo}{section.B.4}% 53
\BOOKMARK [2][-]{subsection.B.4.3}{Serial}{section.B.4}% 54
\BOOKMARK [2][-]{subsection.B.4.4}{Script Python}{section.B.4}% 55
\BOOKMARK [1][-]{section.B.5}{Monitoramento em tempo real}{appendix.B}% 56
\BOOKMARK [1][-]{section.B.6}{Salvando e editando s\351ries de dados}{appendix.B}% 57
\BOOKMARK [1][-]{section.B.7}{Plotando s\351ries}{appendix.B}% 58
\BOOKMARK [1][-]{section.B.8}{Editando e exportando gr\341ficos}{appendix.B}% 59
\BOOKMARK [1][-]{section.B.9}{Deletando s\351ries}{appendix.B}% 60
