\BOOKMARK [0][-]{chapter*.2}{Lista de Figuras}{}% 1
\BOOKMARK [0][-]{chapter*.3}{Lista de Tabelas}{}% 2
\BOOKMARK [0][-]{section*.4}{Lista de Quadros}{}% 3
\BOOKMARK [0][-]{chapter.1}{Introdu\347\343o}{}% 4
\BOOKMARK [1][-]{section.1.1}{Contextualiza\347\343o e Justificativa}{chapter.1}% 5
\BOOKMARK [1][-]{section.1.2}{Objetivos}{chapter.1}% 6
\BOOKMARK [2][-]{subsection.1.2.1}{Objetivos Gerais}{section.1.2}% 7
\BOOKMARK [2][-]{subsection.1.2.2}{Objetivos Espec\355ficos}{section.1.2}% 8
\BOOKMARK [1][-]{section.1.3}{Estrutura do Trabalho}{chapter.1}% 9
\BOOKMARK [0][-]{chapter.2}{Conceitos B\341sicos}{}% 10
\BOOKMARK [1][-]{section.2.1}{Modelagem de Processos}{chapter.2}% 11
\BOOKMARK [1][-]{section.2.2}{Lineariza\347\343o de sistemas}{chapter.2}% 12
\BOOKMARK [1][-]{section.2.3}{Controladores}{chapter.2}% 13
\BOOKMARK [2][-]{subsection.2.3.1}{PID}{section.2.3}% 14
\BOOKMARK [2][-]{subsection.2.3.2}{LQR}{section.2.3}% 15
\BOOKMARK [1][-]{section.2.4}{SCADA}{chapter.2}% 16
\BOOKMARK [1][-]{section.2.5}{Comunica\347\343o Serial}{chapter.2}% 17
\BOOKMARK [1][-]{section.2.6}{Qt em Python}{chapter.2}% 18
\BOOKMARK [0][-]{chapter.3}{Desenvolvimento do Sistema Supervis\363rio}{}% 19
\BOOKMARK [1][-]{section.3.1}{Requisitos do Sistema}{chapter.3}% 20
\BOOKMARK [1][-]{section.3.2}{Sele\347\343o das Tecnologias}{chapter.3}% 21
\BOOKMARK [2][-]{subsection.3.2.1}{Sele\347\343o das bibliotecas}{section.3.2}% 22
\BOOKMARK [1][-]{section.3.3}{A interface gr\341fica}{chapter.3}% 23
\BOOKMARK [1][-]{section.3.4}{Dataset Config}{chapter.3}% 24
\BOOKMARK [1][-]{section.3.5}{PlotManager}{chapter.3}% 25
\BOOKMARK [1][-]{section.3.6}{MainPlotArea}{chapter.3}% 26
\BOOKMARK [1][-]{section.3.7}{SCADADialog}{chapter.3}% 27
\BOOKMARK [1][-]{section.3.8}{Salvamento Autom\341tico de S\351ries}{chapter.3}% 28
\BOOKMARK [0][-]{chapter.4}{Valida\347\343o do Supervis\363rio Did\341tico}{}% 29
\BOOKMARK [1][-]{section.4.1}{Metodologia}{chapter.4}% 30
\BOOKMARK [1][-]{section.4.2}{Apresenta\347\343o do Sistema}{chapter.4}% 31
\BOOKMARK [1][-]{section.4.3}{Comportamento esperado}{chapter.4}% 32
\BOOKMARK [2][-]{subsection.4.3.1}{Lineariza\347\343o do Sistema}{section.4.3}% 33
\BOOKMARK [2][-]{subsection.4.3.2}{Sintonia do PI}{section.4.3}% 34
\BOOKMARK [2][-]{subsection.4.3.3}{Sintonia do LQR}{section.4.3}% 35
\BOOKMARK [1][-]{section.4.4}{Configura\347\343o do supervis\363rio did\341tico}{chapter.4}% 36
\BOOKMARK [2][-]{subsection.4.4.1}{Controlador PI}{section.4.4}% 37
\BOOKMARK [2][-]{subsection.4.4.2}{LQR}{section.4.4}% 38
\BOOKMARK [1][-]{section.4.5}{Valida\347\343o dos dados}{chapter.4}% 39
\BOOKMARK [0][-]{chapter.5}{Conclus\343o}{}% 40
\BOOKMARK [1][-]{section.5.1}{Trabalhos futuros}{chapter.5}% 41
\BOOKMARK [0][-]{chapter*.27}{Refer\352ncias}{}% 42
\BOOKMARK [0][-]{chapter*.27}{Anexos e Ap\352ndices}{}% 43
\BOOKMARK [0][-]{appendix.A}{Tutorial de utiliza\347\343o do supervis\363rio did\341tico}{}% 44
\BOOKMARK [1][-]{section.A.1}{Apresenta\347\343o}{appendix.A}% 45
\BOOKMARK [1][-]{section.A.2}{Primeira utiliza\347\343o}{appendix.A}% 46
\BOOKMARK [1][-]{section.A.3}{Iniciando o programa}{appendix.A}% 47
\BOOKMARK [1][-]{section.A.4}{Importando s\351ries est\341ticas no programa}{appendix.A}% 48
\BOOKMARK [2][-]{subsection.A.4.1}{Fun\347\343o de Transfer\352ncia}{section.A.4}% 49
\BOOKMARK [2][-]{subsection.A.4.2}{Entrada por arquivo}{section.A.4}% 50
\BOOKMARK [2][-]{subsection.A.4.3}{Serial}{section.A.4}% 51
\BOOKMARK [2][-]{subsection.A.4.4}{Script Python}{section.A.4}% 52
\BOOKMARK [1][-]{section.A.5}{Monitoramento em tempo real}{appendix.A}% 53
\BOOKMARK [1][-]{section.A.6}{Salvando e editando s\351ries de dados}{appendix.A}% 54
\BOOKMARK [1][-]{section.A.7}{Plotando s\351ries}{appendix.A}% 55
\BOOKMARK [1][-]{section.A.8}{Editando e exportando gr\341ficos}{appendix.A}% 56
\BOOKMARK [1][-]{section.A.9}{Deletando s\351ries}{appendix.A}% 57
\BOOKMARK [0][-]{appendix.B}{C\363digos}{}% 58
\BOOKMARK [0][-]{appendix.C}{C\363digos}{}% 59
\BOOKMARK [1][-]{section.C.1}{C\363digo do arduino para Controle de Tanque com \301rea Vari\341vel}{appendix.C}% 60
