This is pdfTeX, Version 3.14159265-2.6-1.40.21 (MiKTeX 20.6.29) (preloaded format=pdflatex 2020.8.24)  28 DEC 2020 20:35
entering extended mode
**./Dissertacao.tex
(Dissertacao.tex
LaTeX2e <2020-02-02> patch level 5
L3 programming layer <2020-06-18> (pei.cls
Document Class: pei 2007/03/01\ v2.0\ PEI Dissertations and Thesis
("C:\Program Files\MiKTeX\tex/latex/base\book.cls"
Document Class: book 2019/12/20 v1.4l Standard LaTeX document class
("C:\Program Files\MiKTeX\tex/latex/base\bk12.clo"
File: bk12.clo 2019/12/20 v1.4l Standard LaTeX file (size option)
)
\c@part=\count167
\c@chapter=\count168
\c@section=\count169
\c@subsection=\count170
\c@subsubsection=\count171
\c@paragraph=\count172
\c@subparagraph=\count173
\c@figure=\count174
\c@table=\count175
\abovecaptionskip=\skip47
\belowcaptionskip=\skip48
\bibindent=\dimen134
)
("C:\Program Files\MiKTeX\tex/latex/lastpage\lastpage.sty"
Package: lastpage 2015/03/29 v1.2m Refers to last page's name (HMM; JPG)
)
("C:\Program Files\MiKTeX\tex/latex/hyperref\hyperref.sty"
Package: hyperref 2020-05-15 v7.00e Hypertext links for LaTeX

("C:\Program Files\MiKTeX\tex/generic/ltxcmds\ltxcmds.sty"
Package: ltxcmds 2019/12/15 v1.24 LaTeX kernel commands for general use (HO)
)
("C:\Program Files\MiKTeX\tex/generic/iftex\iftex.sty"
Package: iftex 2020/03/06 v1.0d TeX engine tests
)
("C:\Program Files\MiKTeX\tex/generic/pdftexcmds\pdftexcmds.sty"
Package: pdftexcmds 2020-06-27 v0.33 Utility functions of pdfTeX for LuaTeX (HO
)

("C:\Program Files\MiKTeX\tex/generic/infwarerr\infwarerr.sty"
Package: infwarerr 2019/12/03 v1.5 Providing info/warning/error messages (HO)
)
Package pdftexcmds Info: \pdf@primitive is available.
Package pdftexcmds Info: \pdf@ifprimitive is available.
Package pdftexcmds Info: \pdfdraftmode found.
)
("C:\Program Files\MiKTeX\tex/latex/graphics\keyval.sty"
Package: keyval 2014/10/28 v1.15 key=value parser (DPC)
\KV@toks@=\toks15
)
("C:\Program Files\MiKTeX\tex/generic/kvsetkeys\kvsetkeys.sty"
Package: kvsetkeys 2019/12/15 v1.18 Key value parser (HO)
)
("C:\Program Files\MiKTeX\tex/generic/kvdefinekeys\kvdefinekeys.sty"
Package: kvdefinekeys 2019-12-19 v1.6 Define keys (HO)
)
("C:\Program Files\MiKTeX\tex/generic/pdfescape\pdfescape.sty"
Package: pdfescape 2019/12/09 v1.15 Implements pdfTeX's escape features (HO)
)
("C:\Program Files\MiKTeX\tex/latex/hycolor\hycolor.sty"
Package: hycolor 2020-01-27 v1.10 Color options for hyperref/bookmark (HO)
)
("C:\Program Files\MiKTeX\tex/latex/letltxmacro\letltxmacro.sty"
Package: letltxmacro 2019/12/03 v1.6 Let assignment for LaTeX macros (HO)
)
("C:\Program Files\MiKTeX\tex/latex/auxhook\auxhook.sty"
Package: auxhook 2019-12-17 v1.6 Hooks for auxiliary files (HO)
)
("C:\Program Files\MiKTeX\tex/latex/kvoptions\kvoptions.sty"
Package: kvoptions 2019/11/29 v3.13 Key value format for package options (HO)
)
\@linkdim=\dimen135
\Hy@linkcounter=\count176
\Hy@pagecounter=\count177

("C:\Program Files\MiKTeX\tex/latex/hyperref\pd1enc.def"
File: pd1enc.def 2020-05-15 v7.00e Hyperref: PDFDocEncoding definition (HO)
Now handling font encoding PD1 ...
... no UTF-8 mapping file for font encoding PD1
)
("C:\Program Files\MiKTeX\tex/generic/intcalc\intcalc.sty"
Package: intcalc 2019/12/15 v1.3 Expandable calculations with integers (HO)
)
("C:\Program Files\MiKTeX\tex/generic/etexcmds\etexcmds.sty"
Package: etexcmds 2019/12/15 v1.7 Avoid name clashes with e-TeX commands (HO)
)
\Hy@SavedSpaceFactor=\count178
Package hyperref Info: Hyper figures OFF on input line 4464.
Package hyperref Info: Link nesting OFF on input line 4469.
Package hyperref Info: Hyper index ON on input line 4472.
Package hyperref Info: Plain pages OFF on input line 4479.
Package hyperref Info: Backreferencing OFF on input line 4484.
Package hyperref Info: Implicit mode ON; LaTeX internals redefined.
Package hyperref Info: Bookmarks ON on input line 4717.
\c@Hy@tempcnt=\count179

("C:\Program Files\MiKTeX\tex/latex/url\url.sty"
\Urlmuskip=\muskip16
Package: url 2013/09/16  ver 3.4  Verb mode for urls, etc.
)
LaTeX Info: Redefining \url on input line 5076.
\XeTeXLinkMargin=\dimen136

("C:\Program Files\MiKTeX\tex/generic/bitset\bitset.sty"
Package: bitset 2019/12/09 v1.3 Handle bit-vector datatype (HO)

("C:\Program Files\MiKTeX\tex/generic/bigintcalc\bigintcalc.sty"
Package: bigintcalc 2019/12/15 v1.5 Expandable calculations on big integers (HO
)
))
\Fld@menulength=\count180
\Field@Width=\dimen137
\Fld@charsize=\dimen138
Package hyperref Info: Hyper figures OFF on input line 6347.
Package hyperref Info: Link nesting OFF on input line 6352.
Package hyperref Info: Hyper index ON on input line 6355.
Package hyperref Info: backreferencing OFF on input line 6362.
Package hyperref Info: Link coloring OFF on input line 6367.
Package hyperref Info: Link coloring with OCG OFF on input line 6372.
Package hyperref Info: PDF/A mode OFF on input line 6377.
LaTeX Info: Redefining \ref on input line 6417.
LaTeX Info: Redefining \pageref on input line 6421.

("C:\Program Files\MiKTeX\tex/generic/atbegshi\atbegshi.sty"
Package: atbegshi 2019/12/05 v1.19 At begin shipout hook (HO)
)
\Hy@abspage=\count181
\c@Item=\count182
\c@Hfootnote=\count183
)
Package hyperref Info: Driver (autodetected): hpdftex.

("C:\Program Files\MiKTeX\tex/latex/hyperref\hpdftex.def"
File: hpdftex.def 2020-05-15 v7.00e Hyperref driver for pdfTeX

("C:\Program Files\MiKTeX\tex/latex/atveryend\atveryend.sty"
Package: atveryend 2019-12-11 v1.11 Hooks at the very end of document (HO)
Package atveryend Info: \enddocument detected (standard20110627).
)
\Fld@listcount=\count184
\c@bookmark@seq@number=\count185

("C:\Program Files\MiKTeX\tex/latex/rerunfilecheck\rerunfilecheck.sty"
Package: rerunfilecheck 2019/12/05 v1.9 Rerun checks for auxiliary files (HO)

("C:\Program Files\MiKTeX\tex/generic/uniquecounter\uniquecounter.sty"
Package: uniquecounter 2019/12/15 v1.4 Provide unlimited unique counter (HO)
)
Package uniquecounter Info: New unique counter `rerunfilecheck' on input line 2
86.
)
\Hy@SectionHShift=\skip49
)
("C:\Program Files\MiKTeX\tex/generic/babel\babel.sty"
Package: babel 2020/06/10 3.45 The Babel package

("C:\Program Files\MiKTeX\tex/generic/babel\babel.def"
File: babel.def 2020/06/10 3.45 Babel common definitions
\babel@savecnt=\count186
\U@D=\dimen139
\l@babelnohyphens=\language79

("C:\Program Files\MiKTeX\tex/generic/babel\txtbabel.def")
\bbl@readstream=\read2
)
\bbl@dirlevel=\count187

*************************************
* Local config file bblopts.cfg used
*
("C:\Program Files\MiKTeX\tex/latex/arabi\bblopts.cfg"
File: bblopts.cfg 2005/09/08 v0.1 add Arabic and Farsi to "declared" options of
 babel
)
("C:\Program Files\MiKTeX\tex/latex/babel-english\english.ldf"
Language: english 2017/06/06 v3.3r English support from the babel system
Package babel Info: \l@canadian = using hyphenrules for english
(babel)             (\language0) on input line 102.
Package babel Info: \l@australian = using hyphenrules for ukenglish
(babel)             (\language73) on input line 105.
Package babel Info: \l@newzealand = using hyphenrules for ukenglish
(babel)             (\language73) on input line 108.
)
("C:\Program Files\MiKTeX\tex/latex/babel-portuges\brazil.ldf"
Language: portuges 2020/05/04 v1.2r Portuguese support from the babel system
Package babel Info: \l@brazil = using hyphenrules for portuguese
(babel)             (\language56) on input line 111.
Package babel Info: Making " an active character on input line 143.
))
("C:\Program Files\MiKTeX\tex/latex/hyphenat\hyphenat.sty"
Package: hyphenat 2009/09/02 v2.3c hyphenation utilities
\langwohyphens=\language80
LaTeX Info: Redefining \_ on input line 43.
)
("C:\Program Files\MiKTeX\tex/latex/base\ifthen.sty"
Package: ifthen 2014/09/29 v1.1c Standard LaTeX ifthen package (DPC)
)
("C:\Program Files\MiKTeX\tex/latex/graphics\graphicx.sty"
Package: graphicx 2019/11/30 v1.2a Enhanced LaTeX Graphics (DPC,SPQR)

("C:\Program Files\MiKTeX\tex/latex/graphics\graphics.sty"
Package: graphics 2019/11/30 v1.4a Standard LaTeX Graphics (DPC,SPQR)

("C:\Program Files\MiKTeX\tex/latex/graphics\trig.sty"
Package: trig 2016/01/03 v1.10 sin cos tan (DPC)
)
("C:\Program Files\MiKTeX\tex/latex/graphics-cfg\graphics.cfg"
File: graphics.cfg 2016/06/04 v1.11 sample graphics configuration
)
Package graphics Info: Driver file: pdftex.def on input line 105.

("C:\Program Files\MiKTeX\tex/latex/graphics-def\pdftex.def"
File: pdftex.def 2018/01/08 v1.0l Graphics/color driver for pdftex
))
\Gin@req@height=\dimen140
\Gin@req@width=\dimen141
)
("C:\Program Files\MiKTeX\tex/latex/tools\tabularx.sty"
Package: tabularx 2020/01/15 v2.11c `tabularx' package (DPC)

("C:\Program Files\MiKTeX\tex/latex/tools\array.sty"
Package: array 2019/08/31 v2.4l Tabular extension package (FMi)
\col@sep=\dimen142
\ar@mcellbox=\box45
\extrarowheight=\dimen143
\NC@list=\toks16
\extratabsurround=\skip50
\backup@length=\skip51
\ar@cellbox=\box46
)
\TX@col@width=\dimen144
\TX@old@table=\dimen145
\TX@old@col=\dimen146
\TX@target=\dimen147
\TX@delta=\dimen148
\TX@cols=\count188
\TX@ftn=\toks17
)
("C:\Program Files\MiKTeX\tex/latex/eqparbox\eqparbox.sty"
Package: eqparbox 2017/09/03 v4.1 Create equal-widthed boxes
\eqp@tempdima=\skip52
\eqp@tempdimb=\skip53
\eqp@tabular@box=\box47
\eqp@list@box=\box48
\eqp@list@indent=\skip54

("C:\Program Files\MiKTeX\tex/latex/environ\environ.sty"
Package: environ 2014/05/04 v0.3 A new way to define environments

("C:\Program Files\MiKTeX\tex/latex/trimspaces\trimspaces.sty"
Package: trimspaces 2009/09/17 v1.1 Trim spaces around a token list
)
\@envbody=\toks18
))
("C:\Program Files\MiKTeX\tex/latex/geometry\geometry.sty"
Package: geometry 2020/01/02 v5.9 Page Geometry

("C:\Program Files\MiKTeX\tex/generic/iftex\ifvtex.sty"
Package: ifvtex 2019/10/25 v1.7 ifvtex legacy package. Use iftex instead.
)
\Gm@cnth=\count189
\Gm@cntv=\count190
\c@Gm@tempcnt=\count191
\Gm@bindingoffset=\dimen149
\Gm@wd@mp=\dimen150
\Gm@odd@mp=\dimen151
\Gm@even@mp=\dimen152
\Gm@layoutwidth=\dimen153
\Gm@layoutheight=\dimen154
\Gm@layouthoffset=\dimen155
\Gm@layoutvoffset=\dimen156
\Gm@dimlist=\toks19

("C:\Program Files\MiKTeX\tex/latex/geometry\geometry.cfg"))
\c@minexaminers=\count192
\@examiner=\count193
\c@keywords=\count194
\bibindent=\dimen157
)
("C:\Program Files\MiKTeX\tex/latex/cmap\cmap.sty"
Package: cmap 2008/03/06 v1.0h CMap support: searchable PDF
)
("C:\Program Files\MiKTeX\tex/latex/base\inputenc.sty"
Package: inputenc 2018/08/11 v1.3c Input encoding file
\inpenc@prehook=\toks20
\inpenc@posthook=\toks21
)
("C:\Program Files\MiKTeX\tex/latex/base\fontenc.sty"
Package: fontenc 2020/02/11 v2.0o Standard LaTeX package
<<t1.cmap>>)
("C:\Program Files\MiKTeX\tex/latex/amsmath\amsmath.sty"
Package: amsmath 2020/01/20 v2.17e AMS math features
\@mathmargin=\skip55

For additional information on amsmath, use the `?' option.
("C:\Program Files\MiKTeX\tex/latex/amsmath\amstext.sty"
Package: amstext 2000/06/29 v2.01 AMS text

("C:\Program Files\MiKTeX\tex/latex/amsmath\amsgen.sty"
File: amsgen.sty 1999/11/30 v2.0 generic functions
\@emptytoks=\toks22
\ex@=\dimen158
))
("C:\Program Files\MiKTeX\tex/latex/amsmath\amsbsy.sty"
Package: amsbsy 1999/11/29 v1.2d Bold Symbols
\pmbraise@=\dimen159
)
("C:\Program Files\MiKTeX\tex/latex/amsmath\amsopn.sty"
Package: amsopn 2016/03/08 v2.02 operator names
)
\inf@bad=\count195
LaTeX Info: Redefining \frac on input line 227.
\uproot@=\count196
\leftroot@=\count197
LaTeX Info: Redefining \overline on input line 389.
\classnum@=\count198
\DOTSCASE@=\count199
LaTeX Info: Redefining \ldots on input line 486.
LaTeX Info: Redefining \dots on input line 489.
LaTeX Info: Redefining \cdots on input line 610.
\Mathstrutbox@=\box49
\strutbox@=\box50
\big@size=\dimen160
LaTeX Font Info:    Redeclaring font encoding OML on input line 733.
LaTeX Font Info:    Redeclaring font encoding OMS on input line 734.
\macc@depth=\count266
\c@MaxMatrixCols=\count267
\dotsspace@=\muskip17
\c@parentequation=\count268
\dspbrk@lvl=\count269
\tag@help=\toks23
\row@=\count270
\column@=\count271
\maxfields@=\count272
\andhelp@=\toks24
\eqnshift@=\dimen161
\alignsep@=\dimen162
\tagshift@=\dimen163
\tagwidth@=\dimen164
\totwidth@=\dimen165
\lineht@=\dimen166
\@envbody=\toks25
\multlinegap=\skip56
\multlinetaggap=\skip57
\mathdisplay@stack=\toks26
LaTeX Info: Redefining \[ on input line 2859.
LaTeX Info: Redefining \] on input line 2860.
)
("C:\Program Files\MiKTeX\tex/latex/amsfonts\amsfonts.sty"
Package: amsfonts 2013/01/14 v3.01 Basic AMSFonts support
\symAMSa=\mathgroup4
\symAMSb=\mathgroup5
LaTeX Font Info:    Redeclaring math symbol \hbar on input line 98.
LaTeX Font Info:    Overwriting math alphabet `\mathfrak' in version `bold'
(Font)                  U/euf/m/n --> U/euf/b/n on input line 106.
)
("C:\Program Files\MiKTeX\tex/latex/amsfonts\amssymb.sty"
Package: amssymb 2013/01/14 v3.01 AMS font symbols
)
("C:\Program Files\MiKTeX\tex/latex/amscls\amsthm.sty"
Package: amsthm 2020/05/29 v2.20.6
\thm@style=\toks27
\thm@bodyfont=\toks28
\thm@headfont=\toks29
\thm@notefont=\toks30
\thm@headpunct=\toks31
\thm@preskip=\skip58
\thm@postskip=\skip59
\thm@headsep=\skip60
\dth@everypar=\toks32
)
("C:\Program Files\MiKTeX\tex/latex/mathtools\mathtools.sty"
Package: mathtools 2020/03/24 v1.24 mathematical typesetting tools

("C:\Program Files\MiKTeX\tex/latex/tools\calc.sty"
Package: calc 2017/05/25 v4.3 Infix arithmetic (KKT,FJ)
\calc@Acount=\count273
\calc@Bcount=\count274
\calc@Adimen=\dimen167
\calc@Bdimen=\dimen168
\calc@Askip=\skip61
\calc@Bskip=\skip62
LaTeX Info: Redefining \setlength on input line 80.
LaTeX Info: Redefining \addtolength on input line 81.
\calc@Ccount=\count275
\calc@Cskip=\skip63
)
("C:\Program Files\MiKTeX\tex/latex/mathtools\mhsetup.sty"
Package: mhsetup 2017/03/31 v1.3 programming setup (MH)
)
LaTeX Info: Thecontrolsequence`\('isalreadyrobust on input line 130.
LaTeX Info: Thecontrolsequence`\)'isalreadyrobust on input line 130.
LaTeX Info: Thecontrolsequence`\['isalreadyrobust on input line 130.
LaTeX Info: Thecontrolsequence`\]'isalreadyrobust on input line 130.
\g_MT_multlinerow_int=\count276
\l_MT_multwidth_dim=\dimen169
\origjot=\skip64
\l_MT_shortvdotswithinadjustabove_dim=\dimen170
\l_MT_shortvdotswithinadjustbelow_dim=\dimen171
\l_MT_above_intertext_sep=\dimen172
\l_MT_below_intertext_sep=\dimen173
\l_MT_above_shortintertext_sep=\dimen174
\l_MT_below_shortintertext_sep=\dimen175
\xmathstrut@box=\box51
\xmathstrut@dim=\dimen176
)
("C:\Program Files\MiKTeX\tex/latex/l3packages/xfrac\xfrac.sty"
("C:\Program Files\MiKTeX\tex/latex/l3kernel\expl3.sty"
Package: expl3 2020-06-18 L3 programming layer (loader) 

("C:\Program Files\MiKTeX\tex/latex/l3backend\l3backend-pdfmode.def"
File: l3backend-pdfmode.def 2020-06-29 L3 backend support: PDF mode
\l__kernel_color_stack_int=\count277
\l__pdf_internal_box=\box52
))
("C:\Program Files\MiKTeX\tex/latex/l3packages/l3keys2e\l3keys2e.sty"
Package: l3keys2e 2020-05-15 LaTeX2e option processing using LaTeX3 keys
)
("C:\Program Files\MiKTeX\tex/latex/base\textcomp.sty"
Package: textcomp 2020/02/02 v2.0n Standard LaTeX package
)
("C:\Program Files\MiKTeX\tex/latex/l3packages/xparse\xparse.sty"
Package: xparse 2020-05-15 L3 Experimental document command parser

("C:\Program Files\MiKTeX\tex/latex/l3packages/xparse\xparse-generic.tex"
\l__xparse_current_arg_int=\count278
\g__xparse_grabber_int=\count279
\l__xparse_m_args_int=\count280
\l__xparse_v_nesting_int=\count281
))
("C:\Program Files\MiKTeX\tex/latex/l3packages/xtemplate\xtemplate.sty"
Package: xtemplate 2020-05-15 L3 Experimental prototype document functions
\l__xtemplate_tmp_dim=\dimen177
\l__xtemplate_tmp_int=\count282
\l__xtemplate_tmp_muskip=\muskip18
\l__xtemplate_tmp_skip=\skip65
)
Package: xfrac 2020-05-15 L3 Experimental split-level fractions
\l__xfrac_slash_box=\box53
\l__xfrac_tmp_box=\box54
\l__xfrac_denominator_bot_sep_dim=\dimen178
\l__xfrac_numerator_bot_sep_dim=\dimen179
\l__xfrac_numerator_top_sep_dim=\dimen180
\l__xfrac_slash_left_sep_dim=\dimen181
\l__xfrac_slash_right_sep_dim=\dimen182
\l__xfrac_slash_left_muskip=\muskip19
\l__xfrac_slash_right_muskip=\muskip20

Package xtemplate Info: Declaring object type 'xfrac' taking 3 argument(s) on
(xtemplate)             line 80.

)
("C:\Program Files\MiKTeX\tex/latex/abntex2\abntex2cite.sty"
Package: abntex2cite 2018/11/24 v-1.9.7 abnTeX2

("C:\Program Files\MiKTeX\tex/latex/abntex2\abntex2abrev.sty")
("C:\Program Files\MiKTeX\tex/latex/setspace\setspace.sty"
Package: setspace 2011/12/19 v6.7a set line spacing
)
\minimumbiblabelwidth=\skip66
\ABCIauxlen=\skip67
\c@ABCIaux=\count283
\c@ABCImax=\count284

("C:\Program Files\MiKTeX\tex/generic/iftex\ifpdf.sty"
Package: ifpdf 2019/10/25 v3.4 ifpdf legacy package. Use iftex instead.
)
("C:\Program Files\MiKTeX\tex/generic/iftex\ifxetex.sty"
Package: ifxetex 2019/10/25 v0.7 ifxetex legacy package. Use iftex instead.
)
("C:\Program Files\MiKTeX\tex/latex/relsize\relsize.sty"
Package: relsize 2013/03/29 ver 4.1
)
\biblabelsep=\skip68
LaTeX Info: Redefining \newblock on input line 591.
LaTeX Info: Redefining \cite on input line 618.
\ABCItoken=\toks33
)
("C:\Program Files\MiKTeX\tex/latex/minitoc\minitoc.sty"
Package: minitoc 2018/07/12 v62 Package minitoc

("C:\Program Files\MiKTeX\tex/latex/minitoc\mtcmess.sty"
Package: mtcmess 2006/03/14
)
Package minitoc Info: I0001
(minitoc)             *** minitoc package, version 62 ***.
\tf@mtc=\write3
\mtcindent=\skip69
\mtcskipamount=\skip70
Package minitoc Info: I0005
(minitoc)             compatible with hyperref.
Package minitoc Info: I0023
(minitoc)             part level macros available.
Package minitoc Info: I0003
(minitoc)             chapter level macros available.
\mtc@toks=\toks34
\mtc@strutbox=\box55
\mtc@hstrutbox=\box56
Package minitoc Info: I0002
(minitoc)             Autoconfiguration of extensions.
\openout3 = `Dissertacao.mtc0'.

\openout3 = `Dissertacao.mtc'.

 (Dissertacao.mtc0)
Package minitoc Info: I0012
(minitoc)             Long extensions (Unix-like) will be used.
Package minitoc Info: I0031
(minitoc)             ==> this version is configured for UNIX-like 
(minitoc)                 (long extensions) file names.
\openout3 = `Dissertacao.mtc'.

\openout3 = `Dissertacao.mtc0'.

\c@mtc=\count285
\c@minitocdepth=\count286
\c@ptc=\count287
\c@parttocdepth=\count288
\ptcindent=\skip71
Package minitoc Info: I0010
(minitoc)             The english language is selected.
(minitoc)              on input line 4910.

("C:\Program Files\MiKTeX\tex/latex/minitoc\english.mld"
File: english.mld 2006/01/13
)
("C:\Program Files\MiKTeX\tex/latex/minitoc\english.mld"
File: english.mld 2006/01/13
)
Package minitoc Info: I0010
(minitoc)             The brazil language is selected.
(minitoc)              on input line 4911.

("C:\Program Files\MiKTeX\tex/latex/minitoc\brazil.mld"
File: brazil.mld 2006/01/13
))
("C:\Program Files\MiKTeX\tex/latex/listings\listings.sty"
\lst@mode=\count289
\lst@gtempboxa=\box57
\lst@token=\toks35
\lst@length=\count290
\lst@currlwidth=\dimen183
\lst@column=\count291
\lst@pos=\count292
\lst@lostspace=\dimen184
\lst@width=\dimen185
\lst@newlines=\count293
\lst@lineno=\count294
\lst@maxwidth=\dimen186

("C:\Program Files\MiKTeX\tex/latex/listings\lstmisc.sty"
File: lstmisc.sty 2020/03/24 1.8d (Carsten Heinz)
\c@lstnumber=\count295
\lst@skipnumbers=\count296
\lst@framebox=\box58
)
("C:\Program Files\MiKTeX\tex/latex/listings\listings.cfg"
File: listings.cfg 2020/03/24 1.8d listings configuration
))
Package: listings 2020/03/24 1.8d (Carsten Heinz)
 (capitulos.sty
Package: capitulos 1997/10/06 Chapter headers a la Bjarne Stroustrup
)
("C:\Program Files\MiKTeX\tex/latex/graphics\color.sty"
Package: color 2019/11/23 v1.2a Standard LaTeX Color (DPC)

("C:\Program Files\MiKTeX\tex/latex/graphics-cfg\color.cfg"
File: color.cfg 2016/01/02 v1.6 sample color configuration
)
Package color Info: Driver file: pdftex.def on input line 147.
)
("C:\Program Files\MiKTeX\tex/latex/caption\caption.sty"
Package: caption 2020/05/30 v3.4k Customizing captions (AR)

("C:\Program Files\MiKTeX\tex/latex/caption\caption3.sty"
Package: caption3 2020/07/20 v1.12b caption3 kernel (AR)
Package caption3 Info: TeX engine: e-TeX on input line 61.
\captionmargin=\dimen187
\captionmargin@=\dimen188
\captionwidth=\dimen189
\caption@tempdima=\dimen190
\caption@indent=\dimen191
\caption@parindent=\dimen192
\caption@hangindent=\dimen193
Package caption Info: Standard document class detected.
)
\c@caption@flags=\count297
\c@continuedfloat=\count298
Package caption Info: hyperref package is loaded.
Package caption Info: listings package is loaded.
)
("C:\Program Files\MiKTeX\tex/latex/csquotes\csquotes.sty"
Package: csquotes 2019-12-06 v5.2j context-sensitive quotations (JAW)

("C:\Program Files\MiKTeX\tex/latex/etoolbox\etoolbox.sty"
Package: etoolbox 2019/09/21 v2.5h e-TeX tools for LaTeX (JAW)
\etb@tempcnta=\count299
)
\csq@reset=\count300
\csq@gtype=\count301
\csq@glevel=\count302
\csq@qlevel=\count303
\csq@maxlvl=\count304
\csq@tshold=\count305
\csq@ltx@everypar=\toks36

("C:\Program Files\MiKTeX\tex/latex/csquotes\csquotes.def"
File: csquotes.def 2019-12-06 v5.2j csquotes generic definitions (JAW)
)
Package csquotes Info: Trying to load configuration file 'csquotes.cfg'...
Package csquotes Info: ... configuration file loaded successfully.

("C:\Program Files\MiKTeX\tex/latex/csquotes\csquotes.cfg"
File: csquotes.cfg 
))
("C:\Program Files\MiKTeX\tex/latex/caption\subcaption.sty"
Package: subcaption 2020/01/22 v1.3d Sub-captions (AR)
\c@subfigure=\count306
\c@subtable=\count307
)
("C:\Program Files\MiKTeX\tex/latex/tabulary\tabulary.sty"
Package: tabulary 2014/06/11 v0.10 tabulary package (DPC)
\TY@count=\count308
\TY@linewidth=\dimen194
\tymin=\dimen195
\tymax=\dimen196
\TY@tablewidth=\dimen197
)
("C:\Program Files\MiKTeX\tex/latex/movie15\movie15.sty"
Package: movie15 2012/05/16

("C:\Program Files\MiKTeX\tex/latex/oberdiek\ifdraft.sty"
Package: ifdraft 2016/05/16 v1.4 Detect class options draft and final (HO)
)
("C:\Program Files\MiKTeX\tex/latex/ms\everyshi.sty"
Package: everyshi 2001/05/15 v3.00 EveryShipout Package (MS)
)
\@MXV@page=\count309
\@MXV@adict=\count310
\@MXV@aadict=\count311
\@MXV@includes=\count312
\@MXV@players=\count313
\@MXV@links=\count314
\@MXV@width=\dimen198
\@MXV@height=\dimen199
\@MXV@depth=\dimen256
\@MXV@totalheight=\dimen257
\@MXV@@boxdepth=\dimen258
\@MXV@traiselen=\dimen259
\@MXV@braiselen=\dimen260
\@MXV@start=\dimen261
\@MXV@end=\dimen262
\@MXV@textbox=\box59
)
("C:\Program Files\MiKTeX\tex/latex/graphics\rotating.sty"
Package: rotating 2016/08/11 v2.16d rotated objects in LaTeX
\c@r@tfl@t=\count315
\rotFPtop=\skip72
\rotFPbot=\skip73
\rot@float@box=\box60
\rot@mess@toks=\toks37
)
("C:\Program Files\MiKTeX\tex/latex/was\icomma.sty"
Package: icomma 2002/03/10 v2.0 (WaS)
)
("C:\Program Files\MiKTeX\tex/latex/epigraph\epigraph.sty"
Package: epigraph 2020/01/02 v1.5e typesetting epigraphs

("C:\Program Files\MiKTeX\tex/latex/nextpage\nextpage.sty"
Package: nextpage 2009/09/03 v1.1a additional page commands
)
\beforeepigraphskip=\skip74
\afterepigraphskip=\skip75
\epigraphwidth=\skip76
\epigraphrule=\skip77
)
("C:\Program Files\MiKTeX\tex/latex/pdfpages\pdfpages.sty"
Package: pdfpages 2020/01/28 v0.5q Insert pages of external PDF documents (AM)

("C:\Program Files\MiKTeX\tex/latex/eso-pic\eso-pic.sty"
Package: eso-pic 2018/04/12 v2.0h eso-pic (RN)
)
\AM@pagewidth=\dimen263
\AM@pageheight=\dimen264

("C:\Program Files\MiKTeX\tex/latex/pdfpages\pppdftex.def"
File: pppdftex.def 2020/01/28 v0.5q Pdfpages driver for pdfTeX (AM)
)
\AM@pagebox=\box61
\AM@global@opts=\toks38
\AM@pagecnt=\count316
\AM@toc@title=\toks39
\c@AM@survey=\count317
\AM@templatesizebox=\box62
)
("C:\Program Files\MiKTeX\tex/latex/placeins\placeins.sty"
Package: placeins 2005/04/18  v 2.2
)
("C:\Program Files\MiKTeX\tex/latex/trivfloat\trivfloat.sty"
Package: trivfloat 2009/04/23 v1.4 Quick floats in LaTeX

("C:\Program Files\MiKTeX\tex/latex/float\float.sty"
Package: float 2001/11/08 v1.3d Float enhancements (AL)
\c@float@type=\count318
\float@exts=\toks40
\float@box=\box63
\@float@everytoks=\toks41
\@floatcapt=\box64
)
\c@tfl@float@cnt=\count319
LaTeX Info: Redefining \tfl@uppercase on input line 223.
)
("C:\Program Files\MiKTeX\tex/latex/pgf/frontendlayer\tikz.sty"
("C:\Program Files\MiKTeX\tex/latex/pgf/basiclayer\pgf.sty"
("C:\Program Files\MiKTeX\tex/latex/pgf/utilities\pgfrcs.sty"
("C:\Program Files\MiKTeX\tex/generic/pgf/utilities\pgfutil-common.tex"
\pgfutil@everybye=\toks42
\pgfutil@tempdima=\dimen265
\pgfutil@tempdimb=\dimen266

("C:\Program Files\MiKTeX\tex/generic/pgf/utilities\pgfutil-common-lists.tex"))
("C:\Program Files\MiKTeX\tex/generic/pgf/utilities\pgfutil-latex.def"
\pgfutil@abb=\box65
)
("C:\Program Files\MiKTeX\tex/generic/pgf/utilities\pgfrcs.code.tex"
("C:\Program Files\MiKTeX\tex/generic/pgf\pgf.revision.tex")
Package: pgfrcs 2020/01/08 v3.1.5b (3.1.5b)
))
Package: pgf 2020/01/08 v3.1.5b (3.1.5b)

("C:\Program Files\MiKTeX\tex/latex/pgf/basiclayer\pgfcore.sty"
("C:\Program Files\MiKTeX\tex/latex/pgf/systemlayer\pgfsys.sty"
("C:\Program Files\MiKTeX\tex/generic/pgf/systemlayer\pgfsys.code.tex"
Package: pgfsys 2020/01/08 v3.1.5b (3.1.5b)

("C:\Program Files\MiKTeX\tex/generic/pgf/utilities\pgfkeys.code.tex"
\pgfkeys@pathtoks=\toks43
\pgfkeys@temptoks=\toks44

("C:\Program Files\MiKTeX\tex/generic/pgf/utilities\pgfkeysfiltered.code.tex"
\pgfkeys@tmptoks=\toks45
))
\pgf@x=\dimen267
\pgf@y=\dimen268
\pgf@xa=\dimen269
\pgf@ya=\dimen270
\pgf@xb=\dimen271
\pgf@yb=\dimen272
\pgf@xc=\dimen273
\pgf@yc=\dimen274
\pgf@xd=\dimen275
\pgf@yd=\dimen276
\w@pgf@writea=\write4
\r@pgf@reada=\read3
\c@pgf@counta=\count320
\c@pgf@countb=\count321
\c@pgf@countc=\count322
\c@pgf@countd=\count323
\t@pgf@toka=\toks46
\t@pgf@tokb=\toks47
\t@pgf@tokc=\toks48
\pgf@sys@id@count=\count324
("C:\Program Files\MiKTeX\tex/generic/pgf/systemlayer\pgf.cfg"
File: pgf.cfg 2020/01/08 v3.1.5b (3.1.5b)
)
Driver file for pgf: pgfsys-pdftex.def

("C:\Program Files\MiKTeX\tex/generic/pgf/systemlayer\pgfsys-pdftex.def"
File: pgfsys-pdftex.def 2020/01/08 v3.1.5b (3.1.5b)

("C:\Program Files\MiKTeX\tex/generic/pgf/systemlayer\pgfsys-common-pdf.def"
File: pgfsys-common-pdf.def 2020/01/08 v3.1.5b (3.1.5b)
))) ("C:\Program Files\MiKTeX\tex/generic/pgf/systemlayer\pgfsyssoftpath.code.t
ex"
File: pgfsyssoftpath.code.tex 2020/01/08 v3.1.5b (3.1.5b)
\pgfsyssoftpath@smallbuffer@items=\count325
\pgfsyssoftpath@bigbuffer@items=\count326
) ("C:\Program Files\MiKTeX\tex/generic/pgf/systemlayer\pgfsysprotocol.code.tex
"
File: pgfsysprotocol.code.tex 2020/01/08 v3.1.5b (3.1.5b)
)) ("C:\Program Files\MiKTeX\tex/latex/xcolor\xcolor.sty"
Package: xcolor 2016/05/11 v2.12 LaTeX color extensions (UK)

("C:\Program Files\MiKTeX\tex/latex/graphics-cfg\color.cfg"
File: color.cfg 2016/01/02 v1.6 sample color configuration
)
Package xcolor Info: Driver file: pdftex.def on input line 225.
LaTeX Info: Redefining \color on input line 709.
Package xcolor Info: Model `cmy' substituted by `cmy0' on input line 1348.
Package xcolor Info: Model `hsb' substituted by `rgb' on input line 1352.
Package xcolor Info: Model `RGB' extended on input line 1364.
Package xcolor Info: Model `HTML' substituted by `rgb' on input line 1366.
Package xcolor Info: Model `Hsb' substituted by `hsb' on input line 1367.
Package xcolor Info: Model `tHsb' substituted by `hsb' on input line 1368.
Package xcolor Info: Model `HSB' substituted by `hsb' on input line 1369.
Package xcolor Info: Model `Gray' substituted by `gray' on input line 1370.
Package xcolor Info: Model `wave' substituted by `hsb' on input line 1371.
)
("C:\Program Files\MiKTeX\tex/generic/pgf/basiclayer\pgfcore.code.tex"
Package: pgfcore 2020/01/08 v3.1.5b (3.1.5b)

("C:\Program Files\MiKTeX\tex/generic/pgf/math\pgfmath.code.tex"
("C:\Program Files\MiKTeX\tex/generic/pgf/math\pgfmathcalc.code.tex"
("C:\Program Files\MiKTeX\tex/generic/pgf/math\pgfmathutil.code.tex")
("C:\Program Files\MiKTeX\tex/generic/pgf/math\pgfmathparser.code.tex"
\pgfmath@dimen=\dimen277
\pgfmath@count=\count327
\pgfmath@box=\box66
\pgfmath@toks=\toks49
\pgfmath@stack@operand=\toks50
\pgfmath@stack@operation=\toks51
)
("C:\Program Files\MiKTeX\tex/generic/pgf/math\pgfmathfunctions.code.tex"
("C:\Program Files\MiKTeX\tex/generic/pgf/math\pgfmathfunctions.basic.code.tex"
)
("C:\Program Files\MiKTeX\tex/generic/pgf/math\pgfmathfunctions.trigonometric.c
ode.tex")
("C:\Program Files\MiKTeX\tex/generic/pgf/math\pgfmathfunctions.random.code.tex
")
("C:\Program Files\MiKTeX\tex/generic/pgf/math\pgfmathfunctions.comparison.code
.tex")
("C:\Program Files\MiKTeX\tex/generic/pgf/math\pgfmathfunctions.base.code.tex")
("C:\Program Files\MiKTeX\tex/generic/pgf/math\pgfmathfunctions.round.code.tex"
) ("C:\Program Files\MiKTeX\tex/generic/pgf/math\pgfmathfunctions.misc.code.tex
")
("C:\Program Files\MiKTeX\tex/generic/pgf/math\pgfmathfunctions.integerarithmet
ics.code.tex")))
("C:\Program Files\MiKTeX\tex/generic/pgf/math\pgfmathfloat.code.tex"
\c@pgfmathroundto@lastzeros=\count328
))
("C:\Program Files\MiKTeX\tex/generic/pgf/math\pgfint.code.tex")
("C:\Program Files\MiKTeX\tex/generic/pgf/basiclayer\pgfcorepoints.code.tex"
File: pgfcorepoints.code.tex 2020/01/08 v3.1.5b (3.1.5b)
\pgf@picminx=\dimen278
\pgf@picmaxx=\dimen279
\pgf@picminy=\dimen280
\pgf@picmaxy=\dimen281
\pgf@pathminx=\dimen282
\pgf@pathmaxx=\dimen283
\pgf@pathminy=\dimen284
\pgf@pathmaxy=\dimen285
\pgf@xx=\dimen286
\pgf@xy=\dimen287
\pgf@yx=\dimen288
\pgf@yy=\dimen289
\pgf@zx=\dimen290
\pgf@zy=\dimen291
)
("C:\Program Files\MiKTeX\tex/generic/pgf/basiclayer\pgfcorepathconstruct.code.
tex"
File: pgfcorepathconstruct.code.tex 2020/01/08 v3.1.5b (3.1.5b)
\pgf@path@lastx=\dimen292
\pgf@path@lasty=\dimen293
)
("C:\Program Files\MiKTeX\tex/generic/pgf/basiclayer\pgfcorepathusage.code.tex"
File: pgfcorepathusage.code.tex 2020/01/08 v3.1.5b (3.1.5b)
\pgf@shorten@end@additional=\dimen294
\pgf@shorten@start@additional=\dimen295
) ("C:\Program Files\MiKTeX\tex/generic/pgf/basiclayer\pgfcorescopes.code.tex"
File: pgfcorescopes.code.tex 2020/01/08 v3.1.5b (3.1.5b)
\pgfpic=\box67
\pgf@hbox=\box68
\pgf@layerbox@main=\box69
\pgf@picture@serial@count=\count329
)
("C:\Program Files\MiKTeX\tex/generic/pgf/basiclayer\pgfcoregraphicstate.code.t
ex"
File: pgfcoregraphicstate.code.tex 2020/01/08 v3.1.5b (3.1.5b)
\pgflinewidth=\dimen296
)
("C:\Program Files\MiKTeX\tex/generic/pgf/basiclayer\pgfcoretransformations.cod
e.tex"
File: pgfcoretransformations.code.tex 2020/01/08 v3.1.5b (3.1.5b)
\pgf@pt@x=\dimen297
\pgf@pt@y=\dimen298
\pgf@pt@temp=\dimen299
)
("C:\Program Files\MiKTeX\tex/generic/pgf/basiclayer\pgfcorequick.code.tex"
File: pgfcorequick.code.tex 2020/01/08 v3.1.5b (3.1.5b)
)
("C:\Program Files\MiKTeX\tex/generic/pgf/basiclayer\pgfcoreobjects.code.tex"
File: pgfcoreobjects.code.tex 2020/01/08 v3.1.5b (3.1.5b)
)
("C:\Program Files\MiKTeX\tex/generic/pgf/basiclayer\pgfcorepathprocessing.code
.tex"
File: pgfcorepathprocessing.code.tex 2020/01/08 v3.1.5b (3.1.5b)
)
("C:\Program Files\MiKTeX\tex/generic/pgf/basiclayer\pgfcorearrows.code.tex"
File: pgfcorearrows.code.tex 2020/01/08 v3.1.5b (3.1.5b)
\pgfarrowsep=\dimen300
)
("C:\Program Files\MiKTeX\tex/generic/pgf/basiclayer\pgfcoreshade.code.tex"
File: pgfcoreshade.code.tex 2020/01/08 v3.1.5b (3.1.5b)
\pgf@max=\dimen301
\pgf@sys@shading@range@num=\count330
\pgf@shadingcount=\count331
)
("C:\Program Files\MiKTeX\tex/generic/pgf/basiclayer\pgfcoreimage.code.tex"
File: pgfcoreimage.code.tex 2020/01/08 v3.1.5b (3.1.5b)

("C:\Program Files\MiKTeX\tex/generic/pgf/basiclayer\pgfcoreexternal.code.tex"
File: pgfcoreexternal.code.tex 2020/01/08 v3.1.5b (3.1.5b)
\pgfexternal@startupbox=\box70
)) ("C:\Program Files\MiKTeX\tex/generic/pgf/basiclayer\pgfcorelayers.code.tex"
File: pgfcorelayers.code.tex 2020/01/08 v3.1.5b (3.1.5b)
)
("C:\Program Files\MiKTeX\tex/generic/pgf/basiclayer\pgfcoretransparency.code.t
ex"
File: pgfcoretransparency.code.tex 2020/01/08 v3.1.5b (3.1.5b)
)
("C:\Program Files\MiKTeX\tex/generic/pgf/basiclayer\pgfcorepatterns.code.tex"
File: pgfcorepatterns.code.tex 2020/01/08 v3.1.5b (3.1.5b)
) ("C:\Program Files\MiKTeX\tex/generic/pgf/basiclayer\pgfcorerdf.code.tex"
File: pgfcorerdf.code.tex 2020/01/08 v3.1.5b (3.1.5b)
)))
("C:\Program Files\MiKTeX\tex/generic/pgf/modules\pgfmoduleshapes.code.tex"
File: pgfmoduleshapes.code.tex 2020/01/08 v3.1.5b (3.1.5b)
\pgfnodeparttextbox=\box71
)
("C:\Program Files\MiKTeX\tex/generic/pgf/modules\pgfmoduleplot.code.tex"
File: pgfmoduleplot.code.tex 2020/01/08 v3.1.5b (3.1.5b)
)
("C:\Program Files\MiKTeX\tex/latex/pgf/compatibility\pgfcomp-version-0-65.sty"
Package: pgfcomp-version-0-65 2020/01/08 v3.1.5b (3.1.5b)
\pgf@nodesepstart=\dimen302
\pgf@nodesepend=\dimen303
) ("C:\Program Files\MiKTeX\tex/latex/pgf/compatibility\pgfcomp-version-1-18.st
y"
Package: pgfcomp-version-1-18 2020/01/08 v3.1.5b (3.1.5b)
)) ("C:\Program Files\MiKTeX\tex/latex/pgf/utilities\pgffor.sty"
("C:\Program Files\MiKTeX\tex/latex/pgf/utilities\pgfkeys.sty"
("C:\Program Files\MiKTeX\tex/generic/pgf/utilities\pgfkeys.code.tex"))
("C:\Program Files\MiKTeX\tex/latex/pgf/math\pgfmath.sty"
("C:\Program Files\MiKTeX\tex/generic/pgf/math\pgfmath.code.tex"))
("C:\Program Files\MiKTeX\tex/generic/pgf/utilities\pgffor.code.tex"
Package: pgffor 2020/01/08 v3.1.5b (3.1.5b)

("C:\Program Files\MiKTeX\tex/generic/pgf/math\pgfmath.code.tex")
\pgffor@iter=\dimen304
\pgffor@skip=\dimen305
\pgffor@stack=\toks52
\pgffor@toks=\toks53
))
("C:\Program Files\MiKTeX\tex/generic/pgf/frontendlayer/tikz\tikz.code.tex"
Package: tikz 2020/01/08 v3.1.5b (3.1.5b)

("C:\Program Files\MiKTeX\tex/generic/pgf/libraries\pgflibraryplothandlers.code
.tex"
File: pgflibraryplothandlers.code.tex 2020/01/08 v3.1.5b (3.1.5b)
\pgf@plot@mark@count=\count332
\pgfplotmarksize=\dimen306
)
\tikz@lastx=\dimen307
\tikz@lasty=\dimen308
\tikz@lastxsaved=\dimen309
\tikz@lastysaved=\dimen310
\tikz@lastmovetox=\dimen311
\tikz@lastmovetoy=\dimen312
\tikzleveldistance=\dimen313
\tikzsiblingdistance=\dimen314
\tikz@figbox=\box72
\tikz@figbox@bg=\box73
\tikz@tempbox=\box74
\tikz@tempbox@bg=\box75
\tikztreelevel=\count333
\tikznumberofchildren=\count334
\tikznumberofcurrentchild=\count335
\tikz@fig@count=\count336

("C:\Program Files\MiKTeX\tex/generic/pgf/modules\pgfmodulematrix.code.tex"
File: pgfmodulematrix.code.tex 2020/01/08 v3.1.5b (3.1.5b)
\pgfmatrixcurrentrow=\count337
\pgfmatrixcurrentcolumn=\count338
\pgf@matrix@numberofcolumns=\count339
)
\tikz@expandcount=\count340

("C:\Program Files\MiKTeX\tex/generic/pgf/frontendlayer/tikz/libraries\tikzlibr
arytopaths.code.tex"
File: tikzlibrarytopaths.code.tex 2020/01/08 v3.1.5b (3.1.5b)
)))
("C:\Program Files\MiKTeX\tex/latex/multirow\multirow.sty"
Package: multirow 2019/05/31 v2.5 Span multiple rows of a table
\multirow@colwidth=\skip78
\multirow@cntb=\count341
\multirow@dima=\skip79
\bigstrutjot=\dimen315
)
("C:\Program Files\MiKTeX\tex/latex/makecell\makecell.sty"
Package: makecell 2009/08/03 V0.1e Managing of Tab Column Heads and Cells
\rotheadsize=\dimen316
\c@nlinenum=\count342
\TeXr@lab=\toks54
)
("C:\Program Files\MiKTeX\tex/latex/threeparttable\threeparttable.sty"
Package: threeparttable 2003/06/13  v 3.0
\@tempboxb=\box76
)
\c@definition=\count343
\@losfile=\write5
\openout5 = `Dissertacao.syx'.


Writing index of symbols file Dissertacao.syx
\@labfile=\write6
\openout6 = `Dissertacao.abx'.

Writing index of abbreviations file Dissertacao.abx
\@float@every@quadro=\toks55
\c@cntcode=\count344
Package csquotes Info: Checking for multilingual support...
Package csquotes Info: ... found 'babel' package.
Package csquotes Info: Adjusting default style.
Package csquotes Info: Redefining alias 'default' -> 'brazil'.
(Dissertacao.aux (Contracapa.aux) (FolhaAssinatura.aux) (Introducao.aux)
(Fundamentacao.aux) (CriacaoSistema.aux) (CasoTeste.aux

LaTeX Warning: Label `code_lqr_loop' multiply defined.

) (Conclusao.aux) (Apendice1.aux) (Apendice2.aux) (Apendice3.aux))
\openout1 = `Dissertacao.aux'.

LaTeX Font Info:    Checking defaults for OML/cmm/m/it on input line 122.
LaTeX Font Info:    ... okay on input line 122.
LaTeX Font Info:    Checking defaults for OMS/cmsy/m/n on input line 122.
LaTeX Font Info:    ... okay on input line 122.
LaTeX Font Info:    Checking defaults for OT1/cmr/m/n on input line 122.
LaTeX Font Info:    ... okay on input line 122.
LaTeX Font Info:    Checking defaults for T1/cmr/m/n on input line 122.
LaTeX Font Info:    ... okay on input line 122.
LaTeX Font Info:    Checking defaults for TS1/cmr/m/n on input line 122.
LaTeX Font Info:    ... okay on input line 122.
LaTeX Font Info:    Checking defaults for OMX/cmex/m/n on input line 122.
LaTeX Font Info:    ... okay on input line 122.
LaTeX Font Info:    Checking defaults for U/cmr/m/n on input line 122.
LaTeX Font Info:    ... okay on input line 122.
LaTeX Font Info:    Checking defaults for PD1/pdf/m/n on input line 122.
LaTeX Font Info:    ... okay on input line 122.
LaTeX Font Info:    Trying to load font information for T1+phv on input line 12
2.

("C:\Program Files\MiKTeX\tex/latex/psnfss\t1phv.fd"
File: t1phv.fd 2020/03/25 scalable font definitions for T1/phv.
)
Package lastpage Info: Please have a look at the pageslts package at
(lastpage)             https://www.ctan.org/pkg/pageslts
(lastpage)             ! on input line 122.
\AtBeginShipoutBox=\box77
Package hyperref Info: Link coloring OFF on input line 122.

("C:\Program Files\MiKTeX\tex/latex/hyperref\nameref.sty"
Package: nameref 2019/09/16 v2.46 Cross-referencing by name of section

("C:\Program Files\MiKTeX\tex/latex/refcount\refcount.sty"
Package: refcount 2019/12/15 v3.6 Data extraction from label references (HO)
)
("C:\Program Files\MiKTeX\tex/generic/gettitlestring\gettitlestring.sty"
Package: gettitlestring 2019/12/15 v1.6 Cleanup title references (HO)
)
\c@section@level=\count345
)
LaTeX Info: Redefining \ref on input line 122.
LaTeX Info: Redefining \pageref on input line 122.
LaTeX Info: Redefining \nameref on input line 122.

(Dissertacao.out) (Dissertacao.out)
\@outlinefile=\write7
\openout7 = `Dissertacao.out'.


("C:\Program Files\MiKTeX\tex/context/base/mkii\supp-pdf.mkii"
[Loading MPS to PDF converter (version 2006.09.02).]
\scratchcounter=\count346
\scratchdimen=\dimen317
\scratchbox=\box78
\nofMPsegments=\count347
\nofMParguments=\count348
\everyMPshowfont=\toks56
\MPscratchCnt=\count349
\MPscratchDim=\dimen318
\MPnumerator=\count350
\makeMPintoPDFobject=\count351
\everyMPtoPDFconversion=\toks57
) ("C:\Program Files\MiKTeX\tex/latex/epstopdf-pkg\epstopdf-base.sty"
Package: epstopdf-base 2020-01-24 v2.11 Base part for package epstopdf
Package epstopdf-base Info: Redefining graphics rule for `.eps' on input line 4
85.
)
*geometry* driver: auto-detecting
*geometry* detected driver: pdftex
*geometry* verbose mode - [ preamble ] result:
* driver: pdftex
* paper: a4paper
* layout: <same size as paper>
* layoutoffset:(h,v)=(0.0pt,0.0pt)
* vratio: 1:1
* modes: twoside 
* h-part:(L,W,R)=(85.35826pt, 426.79135pt, 85.35826pt)
* v-part:(T,H,B)=(71.13188pt, 702.78308pt, 71.13188pt)
* \paperwidth=597.50787pt
* \paperheight=845.04684pt
* \textwidth=426.79135pt
* \textheight=702.78308pt
* \oddsidemargin=13.08827pt
* \evensidemargin=13.08827pt
* \topmargin=-33.0119pt
* \headheight=12.0pt
* \headsep=19.8738pt
* \topskip=12.0pt
* \footskip=30.0pt
* \marginparwidth=88.0pt
* \marginparsep=7.0pt
* \columnsep=10.0pt
* \skip\footins=10.8pt plus 4.0pt minus 2.0pt
* \hoffset=0.0pt
* \voffset=0.0pt
* \mag=1000
* \@twocolumnfalse
* \@twosidetrue
* \@mparswitchtrue
* \@reversemarginfalse
* (1in=72.27pt=25.4mm, 1cm=28.453pt)

\c@lstlisting=\count352
Package caption Info: Begin \AtBeginDocument code.
Package caption Info: float package is loaded.
Package caption Info: rotating package is loaded.
Package caption Info: threeparttable package is loaded.
Package caption Info: End \AtBeginDocument code.
ABD: EveryShipout initializing macros
("C:\Program Files\MiKTeX\tex/latex/pdflscape\pdflscape.sty"
Package: pdflscape 2019/12/05 v0.12 Display of landscape pages in PDF (HO)

("C:\Program Files\MiKTeX\tex/latex/graphics\lscape.sty"
Package: lscape 2000/10/22 v3.01 Landscape Pages (DPC)
)
Package pdflscape Info: Auto-detected driver: pdftex on input line 81.
)
\c@quadro=\count353


Package hyperref Warning: Option `colorlinks' has already been used,
(hyperref)                setting the option has no effect on input line 141.

Package hyperref Info: Option `breaklinks' set `true' on input line 141.
Package hyperref Info: Option `raiselinks' set `true' on input line 141.
Package hyperref Info: Option `pageanchor' set `true' on input line 141.
<UFBA.jpg, id=246, 289.3209pt x 446.1468pt>
File: UFBA.jpg Graphic file (type jpg)
<use UFBA.jpg>
Package pdftex.def Info: UFBA.jpg  used on input line 141.
(pdftex.def)             Requested size: 86.79694pt x 133.84508pt.
LaTeX Font Info:    Font shape `T1/phv/m/it' in size <14.4> not available
(Font)              Font shape `T1/phv/m/sl' tried instead on input line 141.
<<ot1.cmap>><<oml.cmap>><<oms.cmap>><<omx.cmap>>
LaTeX Font Info:    Trying to load font information for U+msa on input line 141
.

("C:\Program Files\MiKTeX\tex/latex/amsfonts\umsa.fd"
File: umsa.fd 2013/01/14 v3.01 AMS symbols A
)
LaTeX Font Info:    Trying to load font information for U+msb on input line 141
.

("C:\Program Files\MiKTeX\tex/latex/amsfonts\umsb.fd"
File: umsb.fd 2013/01/14 v3.01 AMS symbols B
)
Underfull \hbox (badness 10000) in alignment at lines 141--141
[][]
 []

[1


{C:/Users/Rafael Lucena/AppData/Local/MiKTeX/pdftex/config/pdftex.map} <./UFBA.
jpg>]
\openout2 = `Contracapa.aux'.

 (Contracapa.tex
LaTeX Font Info:    Font shape `T1/phv/b/it' in size <14.4> not available
(Font)              Font shape `T1/phv/b/sl' tried instead on input line 4.

Underfull \hbox (badness 10000) in paragraph at lines 11--17

 []


Underfull \hbox (badness 10000) in paragraph at lines 11--17

 []

LaTeX Font Info:    Trying to load font information for TS1+phv on input line 1
8.
("C:\Program Files\MiKTeX\tex/latex/psnfss\ts1phv.fd"
File: ts1phv.fd 2020/03/25 scalable font definitions for TS1/phv.
)) [2


]
\openout2 = `FolhaAssinatura.aux'.


(FolhaAssinatura.tex
LaTeX Font Info:    Font shape `T1/phv/b/it' in size <12> not available
(Font)              Font shape `T1/phv/b/sl' tried instead on input line 8.
) [3


]
LaTeX Font Info:    Font shape `T1/phv/m/it' in size <12> not available
(Font)              Font shape `T1/phv/m/sl' tried instead on input line 170.

Underfull \hbox (badness 10000) in paragraph at lines 168--171

 []

[4


]
Underfull \hbox (badness 10000) in paragraph at lines 182--185

 []

Package minitoc Info: I0024
(minitoc)             PREPARING MINITOCS FROM Dissertacao.toc on input line 189
.
Package minitoc Info: I0033
(minitoc)             Writing Dissertacao.mtc1.
\openout3 = `Dissertacao.mtc1'.

Package minitoc Info: I0033
(minitoc)             Writing Dissertacao.mtc2.
\openout3 = `Dissertacao.mtc2'.

Package minitoc Info: I0033
(minitoc)             Writing Dissertacao.mtc3.
\openout3 = `Dissertacao.mtc3'.

Package minitoc Info: I0033
(minitoc)             Writing Dissertacao.mtc4.
\openout3 = `Dissertacao.mtc4'.

Package minitoc Info: I0033
(minitoc)             Writing Dissertacao.mtc5.
\openout3 = `Dissertacao.mtc5'.

Package minitoc Info: I0033
(minitoc)             Writing Dissertacao.mtc6.
\openout3 = `Dissertacao.mtc6'.

Package minitoc Info: I0033
(minitoc)             Writing Dissertacao.mtc7.
\openout3 = `Dissertacao.mtc7'.

Package minitoc Info: I0033
(minitoc)             Writing Dissertacao.mtc8.
\openout3 = `Dissertacao.mtc8'.

Package minitoc Info: I0033
(minitoc)             Writing Dissertacao.mtc9.
\openout3 = `Dissertacao.mtc9'.

Package minitoc Info: I0033
(minitoc)             Writing Dissertacao.mtc10.
\openout3 = `Dissertacao.mtc10'.

Package minitoc Info: I0033
(minitoc)             Writing Dissertacao.mtc11.
\openout3 = `Dissertacao.mtc11'.

Package minitoc Info: I0033
(minitoc)             Writing Dissertacao.mtc12.
\openout3 = `Dissertacao.mtc12'.

Package minitoc Info: I0033
(minitoc)             Writing Dissertacao.mtc13.
\openout3 = `Dissertacao.mtc13'.

[5

] [6

] (Dissertacao.toc [7] [8])
\tf@toc=\write8
\openout8 = `Dissertacao.toc'.

 [9] [10

] (Dissertacao.lof)
\tf@lof=\write9
\openout9 = `Dissertacao.lof'.

 [11] [12]
(Dissertacao.lot)
\tf@lot=\write10
\openout10 = `Dissertacao.lot'.

 [13

] [14

] (Dissertacao.loa)
\tf@loa=\write11
\openout11 = `Dissertacao.loa'.


No file Dissertacao.los.
No file Dissertacao.lab.
[15] [16

]
\openout2 = `Introducao.aux'.

 (Introducao.tex
Cap\'{\i }tulo 1.
[1


]
Overfull \hbox (7.18312pt too wide) in paragraph at lines 16--17
[]\T1/phv/m/n/12 O pro-grama Sca-daBR, por exem-plo, trata-se jus-ta-mente de u
m sis-tema SCADA
 []


Underfull \vbox (badness 7047) has occurred while \output is active []

 [2]
[3]) [4]
\openout2 = `Fundamentacao.aux'.

 (Fundamentacao.tex
Cap\'{\i }tulo 2.
[5



] [6]
<imagens/exemplo_processo.png, id=526, 296.60812pt x 65.49469pt>
File: imagens/exemplo_processo.png Graphic file (type png)
<use imagens/exemplo_processo.png>
Package pdftex.def Info: imagens/exemplo_processo.png  used on input line 59.
(pdftex.def)             Requested size: 341.43437pt x 75.39622pt.

Underfull \vbox (badness 1331) has occurred while \output is active []

 [7]
Underfull \vbox (badness 10000) has occurred while \output is active []

 [8 <./imagens/exemplo_processo.png>]
<imagens/Supervisorio_exemplo.png, id=557, 429.10312pt x 286.06876pt>
File: imagens/Supervisorio_exemplo.png Graphic file (type png)
<use imagens/Supervisorio_exemplo.png>
Package pdftex.def Info: imagens/Supervisorio_exemplo.png  used on input line 9
8.
(pdftex.def)             Requested size: 429.10207pt x 286.06805pt.

Overfull \hbox (2.31071pt too wide) in paragraph at lines 98--101
 [][] 
 []

<imagens/piramide_automacao.png, id=563, 607.51968pt x 386.19281pt>
File: imagens/piramide_automacao.png Graphic file (type png)
<use imagens/piramide_automacao.png>
Package pdftex.def Info: imagens/piramide_automacao.png  used on input line 108
.
(pdftex.def)             Requested size: 341.43437pt x 217.05023pt.
[9] [10 <./imagens/Supervisorio_exemplo.png>] [11 <./imagens/piramide_automacao
.png>]
<imagens/serial_comm.png, id=597, 298.11375pt x 213.79875pt>
File: imagens/serial_comm.png Graphic file (type png)
<use imagens/serial_comm.png>
Package pdftex.def Info: imagens/serial_comm.png  used on input line 128.
(pdftex.def)             Requested size: 298.11302pt x 213.79822pt.

Underfull \vbox (badness 10000) has occurred while \output is active []

 [12 <./imagens/serial_comm.png>] [13]
Overfull \hbox (5.65733pt too wide) in paragraph at lines 147--148
[]\T1/phv/m/n/12 Destacam-se 3 mó-du-los do PyQt uti-li-za-dos para cri-a-ção d
e GUIs lo-cais ([]PYQT[],
 []

[14]
LaTeX Font Info:    Font shape `T1/phv/m/it' in size <10> not available
(Font)              Font shape `T1/phv/m/sl' tried instead on input line 163.
<imagens/Exemplo_QWidget.png, id=641, 354.57469pt x 228.10219pt>
File: imagens/Exemplo_QWidget.png Graphic file (type png)
<use imagens/Exemplo_QWidget.png>
Package pdftex.def Info: imagens/Exemplo_QWidget.png  used on input line 164.
(pdftex.def)             Requested size: 354.57382pt x 228.10161pt.
) [15 <./imagens/Exemplo_QWidget.png>]
\openout2 = `CriacaoSistema.aux'.

 (CriacaoSistema.tex [16



]
Cap\'{\i }tulo 3.
[17]
Package hyperref Info: bookmark level for unknown quadro defaults to 0 on input
 line 28.

Underfull \hbox (badness 10000) in paragraph at lines 43--43
[]|\T1/phv/m/n/12 python-
 []

[18] [19]
<imagens/GUI_macro.png, id=689, 755.07094pt x 478.03593pt>
File: imagens/GUI_macro.png Graphic file (type png)
<use imagens/GUI_macro.png>
Package pdftex.def Info: imagens/GUI_macro.png  used on input line 67.
(pdftex.def)             Requested size: 426.79135pt x 270.20021pt.
 [20]
LaTeX Font Info:    Font shape `T1/phv/b/it' in size <17.28> not available
(Font)              Font shape `T1/phv/b/sl' tried instead on input line 73.
 [21 <./imagens/GUI_macro.png>]
<imagens/edit_series_dialog.png, id=701, 453.94594pt x 303.38344pt>
File: imagens/edit_series_dialog.png Graphic file (type png)
<use imagens/edit_series_dialog.png>
Package pdftex.def Info: imagens/edit_series_dialog.png  used on input line 95.

(pdftex.def)             Requested size: 426.79135pt x 285.23601pt.
 [22]
Underfull \vbox (badness 10000) has occurred while \output is active []

 [23 <./imagens/edit_series_dialog.png>]
<imagens/graphic_plot_config.png, id=718, 277.78781pt x 97.86563pt>
File: imagens/graphic_plot_config.png Graphic file (type png)
<use imagens/graphic_plot_config.png>
Package pdftex.def Info: imagens/graphic_plot_config.png  used on input line 11
4.
(pdftex.def)             Requested size: 277.78711pt x 97.86537pt.
 [24 <./imagens/graphic_plot_config.png>]
<imagens/main_plot_area.png, id=725, 411.78844pt x 274.02374pt>
File: imagens/main_plot_area.png Graphic file (type png)
<use imagens/main_plot_area.png>
Package pdftex.def Info: imagens/main_plot_area.png  used on input line 133.
(pdftex.def)             Requested size: 341.43437pt x 227.20967pt.
 [25]
Underfull \vbox (badness 1383) has occurred while \output is active []

 [26 <./imagens/main_plot_area.png>]
Underfull \vbox (badness 10000) has occurred while \output is active []

 [27]
<imagens/esquema_serial.png, id=744, 429.0429pt x 216.81pt>
File: imagens/esquema_serial.png Graphic file (type png)
<use imagens/esquema_serial.png>
Package pdftex.def Info: imagens/esquema_serial.png  used on input line 159.
(pdftex.def)             Requested size: 429.04184pt x 216.80946pt.

Overfull \hbox (2.25049pt too wide) in paragraph at lines 159--161
 [][] 
 []

[28 <./imagens/esquema_serial.png>] [29])
Overfull \hbox (13.01717pt too wide) in paragraph at lines 175--211
[]\T1/phv/m/n/12 Sempre que uma sé-rie é in-cluída, edi-tada ou de-le-tada, o a
r-quivo "au-to-save.dat"é
 []


Overfull \hbox (1.37785pt too wide) in paragraph at lines 175--211
\T1/phv/m/n/12 so-bres-crito com a lista de sé-ries da ses-são (\T1/phv/m/sl/12
 list-Se-ries\T1/phv/m/n/12 ). Em con-tra-par-tida, quando
 []

[30]
\openout2 = `CasoTeste.aux'.

 (CasoTeste.tex
Cap\'{\i }tulo 4.
<imagens/arduino.jpeg, id=759, 518.6878pt x 515.67656pt>
File: imagens/arduino.jpeg Graphic file (type jpg)
<use imagens/arduino.jpeg>
Package pdftex.def Info: imagens/arduino.jpeg  used on input line 10.
(pdftex.def)             Requested size: 341.44858pt x 281.1129pt.
[31



 <./imagens/arduino.jpeg>]
<imagens/esquema_serial_arduino.png, id=765, 320.69812pt x 176.15813pt>
File: imagens/esquema_serial_arduino.png Graphic file (type png)
<use imagens/esquema_serial_arduino.png>
Package pdftex.def Info: imagens/esquema_serial_arduino.png  used on input line
 19.
(pdftex.def)             Requested size: 320.69733pt x 176.15768pt.
<imagens/sistema_teste.png, id=768, 368.87813pt x 332.74312pt>
File: imagens/sistema_teste.png Graphic file (type png)
<use imagens/sistema_teste.png>
Package pdftex.def Info: imagens/sistema_teste.png  used on input line 30.
(pdftex.def)             Requested size: 341.43205pt x 281.12701pt.
 [32 <./imagens/esquema_serial_arduino.png>]
[33 <./imagens/sistema_teste.png>]
<imagens/estado_estacionario.png, id=793, 390.258pt x 231.264pt>
File: imagens/estado_estacionario.png Graphic file (type png)
<use imagens/estado_estacionario.png>
Package pdftex.def Info: imagens/estado_estacionario.png  used on input line 10
3.
(pdftex.def)             Requested size: 390.25703pt x 231.26343pt.
 [34

]
Underfull \vbox (badness 10000) has occurred while \output is active []

 [35 <./imagens/estado_estacionario.png>]
Underfull \vbox (badness 1558) has occurred while \output is active []

 [36]
LaTeX Font Info:    Trying to load font information for T1+pcr on input line 17
3.

("C:\Program Files\MiKTeX\tex/latex/psnfss\t1pcr.fd"
File: t1pcr.fd 2001/06/04 font definitions for T1/pcr.
) [37]
LaTeX Font Info:    Trying to load font information for TS1+pcr on input line 1
92.

("C:\Program Files\MiKTeX\tex/latex/psnfss\ts1pcr.fd"
File: ts1pcr.fd 2001/06/04 font definitions for TS1/pcr.
) [38] [39]
<imagens/series_salvas.png, id=899, 755.07094pt x 476.53032pt>
File: imagens/series_salvas.png Graphic file (type png)
<use imagens/series_salvas.png>
Package pdftex.def Info: imagens/series_salvas.png  used on input line 256.
(pdftex.def)             Requested size: 426.79135pt x 269.3492pt.
<imagens/save_icon.png, id=900, 22.58438pt x 21.83156pt>
File: imagens/save_icon.png Graphic file (type png)
<use imagens/save_icon.png>
Package pdftex.def Info: imagens/save_icon.png  used on input line 260.
(pdftex.def)             Requested size: 12.41385pt x 12.0pt.
 [40 <./imagens/series_salvas.png> <./imagens/save_icon.png>]
<imagens/PID_com_restricoes.png, id=913, 390.258pt x 231.264pt>
File: imagens/PID_com_restricoes.png Graphic file (type png)
<use imagens/PID_com_restricoes.png>
Package pdftex.def Info: imagens/PID_com_restricoes.png  used on input line 276
.
(pdftex.def)             Requested size: 390.25703pt x 231.26343pt.
<imagens/LQR_caso_1.png, id=914, 390.258pt x 231.264pt>
File: imagens/LQR_caso_1.png Graphic file (type png)
<use imagens/LQR_caso_1.png>
Package pdftex.def Info: imagens/LQR_caso_1.png  used on input line 287.
(pdftex.def)             Requested size: 390.25703pt x 231.26343pt.
<imagens/LQR_caso_2.png, id=916, 390.258pt x 231.264pt>
File: imagens/LQR_caso_2.png Graphic file (type png)
<use imagens/LQR_caso_2.png>
Package pdftex.def Info: imagens/LQR_caso_2.png  used on input line 298.
(pdftex.def)             Requested size: 390.25703pt x 231.26343pt.
 [41 <./imagens/PID_com_restricoes.png>]
<imagens/edit_LQR_caso_2.png, id=923, 487.8225pt x 322.20375pt>
File: imagens/edit_LQR_caso_2.png Graphic file (type png)
<use imagens/edit_LQR_caso_2.png>
Package pdftex.def Info: imagens/edit_LQR_caso_2.png  used on input line 307.
(pdftex.def)             Requested size: 426.79135pt x 281.89809pt.
) [42 <./imagens/LQR_caso_1.png>] [43 <./imagens/LQR_caso_2.png> <./imagens/edi
t_LQR_caso_2.png>]
\openout2 = `Conclusao.aux'.

 (Conclusao.tex [44



]
Cap\'{\i }tulo 5.

Underfull \vbox (badness 10000) has occurred while \output is active []

 [45])
[46] (Dissertacao.bbl [47



] [48]) [49]
\openout2 = `Apendice1.aux'.

 (Apendice1.tex [50


]
Ap\^endice A.

Overfull \hbox (11.10753pt too wide) in paragraph at lines 13--14
[]\T1/phv/m/n/12 Para in-ta-la-ção das bi-bli-o-te-cas uti-li-za-das, roda-se o
 ar-quivo ins-tall_-pac-ka-ges.bat,
 []

[51]
<imagens/transfer_func_config.png, id=1004, 410.2828pt x 147.55125pt>
File: imagens/transfer_func_config.png Graphic file (type png)
<use imagens/transfer_func_config.png>
Package pdftex.def Info: imagens/transfer_func_config.png  used on input line 3
9.
(pdftex.def)             Requested size: 410.2818pt x 147.55087pt.
 [52] [53 <./imagens/transfer_func_config.png>] [54] [55]
<imagens/zoom_icon.png, id=1025, 24.09pt x 24.84282pt>
File: imagens/zoom_icon.png Graphic file (type png)
<use imagens/zoom_icon.png>
Package pdftex.def Info: imagens/zoom_icon.png  used on input line 116.
(pdftex.def)             Requested size: 11.63657pt x 12.0pt.
<imagens/move_icon.png, id=1026, 26.34843pt x 24.09pt>
File: imagens/move_icon.png Graphic file (type png)
<use imagens/move_icon.png>
Package pdftex.def Info: imagens/move_icon.png  used on input line 117.
(pdftex.def)             Requested size: 13.12473pt x 12.0pt.
 [56 <./imagens/zoom_icon.png>]
<imagens/home_icon.png, id=1032, 21.83156pt x 19.57312pt>
File: imagens/home_icon.png Graphic file (type png)
<use imagens/home_icon.png>
Package pdftex.def Info: imagens/home_icon.png  used on input line 118.
(pdftex.def)             Requested size: 13.38484pt x 12.0pt.
<imagens/limits_icon.png, id=1033, 22.58438pt x 21.83156pt>
File: imagens/limits_icon.png Graphic file (type png)
<use imagens/limits_icon.png>
Package pdftex.def Info: imagens/limits_icon.png  used on input line 119.
(pdftex.def)             Requested size: 12.41385pt x 12.0pt.
<imagens/axes_icon.png, id=1034, 22.58438pt x 21.83156pt>
File: imagens/axes_icon.png Graphic file (type png)
<use imagens/axes_icon.png>
Package pdftex.def Info: imagens/axes_icon.png  used on input line 120.
(pdftex.def)             Requested size: 12.41385pt x 12.0pt.
File: imagens/save_icon.png Graphic file (type png)
<use imagens/save_icon.png>
Package pdftex.def Info: imagens/save_icon.png  used on input line 121.
(pdftex.def)             Requested size: 12.41385pt x 12.0pt.
) [57 <./imagens/move_icon.png> <./imagens/home_icon.png> <./imagens/limits_ico
n.png> <./imagens/axes_icon.png>]
\openout2 = `Apendice2.aux'.

 (Apendice2.tex [58



]
Ap\^endice B.
<imagens/diagrama_objetos.png, id=1048, 643.6848pt x 486.8589pt>
File: imagens/diagrama_objetos.png Graphic file (type png)
<use imagens/diagrama_objetos.png>
Package pdftex.def Info: imagens/diagrama_objetos.png  used on input line 5.
(pdftex.def)             Requested size: 643.68323pt x 486.85771pt.
) [59] [60 <./imagens/diagrama_objetos.png>]
\openout2 = `Apendice3.aux'.

 (Apendice3.tex
Ap\^endice C.

Overfull \hbox (9.6122pt too wide) in paragraph at lines 3--3
[]\T1/phv/b/n/17.28 Código do ar-duino para Con-trole de Tan-que com
 []


Underfull \vbox (badness 1590) has occurred while \output is active []

 [61



]
Underfull \vbox (badness 10000) has occurred while \output is active []

 [62]
Underfull \vbox (badness 10000) has occurred while \output is active []

 [63])
[64] 
AED: lastpage setting LastPage
Package minitoc Info: I0009
(minitoc)             Listing minitoc auxiliary files. 
(minitoc)             Creating the Dissertacao.maf file.
\openout3 = `Dissertacao.maf'.


Package movie15 Warning: @@@@@@@@@@@@@@@@@@@@@@@@@@@@@@@@@@@@@@@
(movie15)                @@ Package `movie15' is obsolete and @@
(movie15)                @@ superseded by `media9'.           @@
(movie15)                @@@@@@@@@@@@@@@@@@@@@@@@@@@@@@@@@@@@@@@.

Package atveryend Info: Empty hook `BeforeClearDocument' on input line 229.
Package atveryend Info: Empty hook `AfterLastShipout' on input line 229.
(Dissertacao.aux (Contracapa.aux) (FolhaAssinatura.aux) (Introducao.aux)
(Fundamentacao.aux) (CriacaoSistema.aux) (CasoTeste.aux) (Conclusao.aux)
(Apendice1.aux) (Apendice2.aux) (Apendice3.aux))
Package atveryend Info: Executing hook `AtVeryEndDocument' on input line 229.
Package atveryend Info: Executing hook `AtEndAfterFileList' on input line 229.
Package rerunfilecheck Info: File `Dissertacao.out' has not changed.
(rerunfilecheck)             Checksum: 2AC7971EC57D12DA3E48904771E649A4;4099.


LaTeX Warning: There were multiply-defined labels.

Package atveryend Info: Empty hook `AtVeryVeryEnd' on input line 229.
 ) 
Here is how much of TeX's memory you used:
 28443 strings out of 480790
 499094 string characters out of 2907029
 924862 words of memory out of 3000000
 43072 multiletter control sequences out of 15000+200000
 587842 words of font info for 84 fonts, out of 3000000 for 9000
 1141 hyphenation exceptions out of 8191
 60i,14n,60p,982b,1885s stack positions out of 5000i,500n,10000p,200000b,50000s
{C:/Program Files/MiKTeX/fonts/enc/dvips/base/8r.enc}<C:/Program Files/MiKTeX
/fonts/type1/public/amsfonts/cm/cmex10.pfb><C:/Program Files/MiKTeX/fonts/type1
/public/amsfonts/cm/cmmi12.pfb><C:/Program Files/MiKTeX/fonts/type1/public/amsf
onts/cm/cmmi6.pfb><C:/Program Files/MiKTeX/fonts/type1/public/amsfonts/cm/cmmi8
.pfb><C:/Program Files/MiKTeX/fonts/type1/public/amsfonts/cm/cmr12.pfb><C:/Prog
ram Files/MiKTeX/fonts/type1/public/amsfonts/cm/cmr6.pfb><C:/Program Files/MiKT
eX/fonts/type1/public/amsfonts/cm/cmr8.pfb><C:/Program Files/MiKTeX/fonts/type1
/public/amsfonts/cm/cmsy10.pfb><C:/Program Files/MiKTeX/fonts/type1/public/amsf
onts/cm/cmsy8.pfb><C:/Program Files/MiKTeX/fonts/type1/urw/courier/ucrr8a.pfb><
C:/Program Files/MiKTeX/fonts/type1/urw/helvetic/uhvb8a.pfb><C:/Program Files/M
iKTeX/fonts/type1/urw/helvetic/uhvbo8a.pfb><C:/Program Files/MiKTeX/fonts/type1
/urw/helvetic/uhvr8a.pfb><C:/Program Files/MiKTeX/fonts/type1/urw/helvetic/uhvr
o8a.pfb>
Output written on Dissertacao.pdf (80 pages, 2371840 bytes).
PDF statistics:
 1315 PDF objects out of 1440 (max. 8388607)
 406 named destinations out of 1000 (max. 500000)
 653 words of extra memory for PDF output out of 10000 (max. 10000000)

